
{"responseEvent":"error","responseType":"ErrorException: Undefined offset: 2 in /var/www/casinosweeps.online/app/Listeners/JackpotEventsSubscriber.php:85
Stack trace:
#0 /var/www/casinosweeps.online/app/Listeners/JackpotEventsSubscriber.php(85): Illuminate\Foundation\Bootstrap\HandleExceptions->handleError(8, 'Undefined offse...', '/var/www/casino...', 85, Array)
#1 /var/www/casinosweeps.online/app/Listeners/JackpotEventsSubscriber.php(47): VanguardLTE\Listeners\JackpotEventsSubscriber->template('start_balance', 'Start Balance', 2)
#2 /var/www/casinosweeps.online/vendor/laravel/framework/src/Illuminate/Events/Dispatcher.php(424): VanguardLTE\Listeners\JackpotEventsSubscriber->onJackpotEdited(Object(VanguardLTE\Events\Jackpot\JackpotEdited))
#3 /var/www/casinosweeps.online/vendor/laravel/framework/src/Illuminate/Events/Dispatcher.php(249): Illuminate\Events\Dispatcher->Illuminate\Events\{closure}('VanguardLTE\\Eve...', Array)
#4 /var/www/casinosweeps.online/vendor/laravel/framework/src/Illuminate/Foundation/helpers.php(450): Illuminate\Events\Dispatcher->dispatch('VanguardLTE\\Eve...')
#5 /var/www/casinosweeps.online/app/JPG.php(76): event(Object(VanguardLTE\Events\Jackpot\JackpotEdited))
#6 /var/www/casinosweeps.online/vendor/laravel/framework/src/Illuminate/Events/Dispatcher.php(404): VanguardLTE\JPG::VanguardLTE\{closure}(Object(VanguardLTE\JPG))
#7 /var/www/casinosweeps.online/vendor/laravel/framework/src/Illuminate/Events/Dispatcher.php(249): Illuminate\Events\Dispatcher->Illuminate\Events\{closure}('eloquent.update...', Array)
#8 /var/www/casinosweeps.online/vendor/laravel/framework/src/Illuminate/Database/Eloquent/Concerns/HasEvents.php(189): Illuminate\Events\Dispatcher->dispatch('eloquent.update...', Array)
#9 /var/www/casinosweeps.online/vendor/laravel/framework/src/Illuminate/Database/Eloquent/Model.php(1076): Illuminate\Database\Eloquent\Model->fireModelEvent('updated', false)
#10 /var/www/casinosweeps.online/vendor/laravel/framework/src/Illuminate/Database/Eloquent/Model.php(987): Illuminate\Database\Eloquent\Model->performUpdate(Object(Illuminate\Database\Eloquent\Builder))
#11 /var/www/casinosweeps.online/app/Games/AgeOfTheGodsGodOfStormsPT/SlotSettings.php(598): Illuminate\Database\Eloquent\Model->save()
#12 /var/www/casinosweeps.online/app/Games/AgeOfTheGodsGodOfStormsPT/Server.php(304): VanguardLTE\Games\AgeOfTheGodsGodOfStormsPT\SlotSettings->UpdateJackpots(0.25)
#13 /var/www/casinosweeps.online/vendor/laravel/framework/src/Illuminate/Database/Concerns/ManagesTransactions.php(29): VanguardLTE\Games\AgeOfTheGodsGodOfStormsPT\{closure}(Object(Illuminate\Database\MySqlConnection))
#14 /var/www/casinosweeps.online/vendor/laravel/framework/src/Illuminate/Database/DatabaseManager.php(442): Illuminate\Database\Connection->transaction(Object(Closure), 5)
#15 /var/www/casinosweeps.online/vendor/laravel/framework/src/Illuminate/Support/Facades/Facade.php(261): Illuminate\Database\DatabaseManager->__call('transaction', Array)
#16 /var/www/casinosweeps.online/app/Games/AgeOfTheGodsGodOfStormsPT/Server.php(816): Illuminate\Support\Facades\Facade::__callStatic('transaction', Array)
#17 /var/www/casinosweeps.online/app/Games/AgeOfTheGodsGodOfStormsPT/Server.php(818): VanguardLTE\Games\AgeOfTheGodsGodOfStormsPT\get_(Object(Illuminate\Http\Request), 'AgeOfTheGodsGod...')
#18 /var/www/casinosweeps.online/app/Http/Controllers/Web/Frontend/GamesController.php(1056): VanguardLTE\Games\AgeOfTheGodsGodOfStormsPT\Server->get(Object(Illuminate\Http\Request), 'AgeOfTheGodsGod...', 801)
#19 /var/www/casinosweeps.online/vendor/laravel/framework/src/Illuminate/Routing/Controller.php(54): VanguardLTE\Http\Controllers\Web\Frontend\GamesController->server(Object(Illuminate\Http\Request), 'AgeOfTheGodsGod...')
#20 /var/www/casinosweeps.online/vendor/laravel/framework/src/Illuminate/Routing/ControllerDispatcher.php(45): Illuminate\Routing\Controller->callAction('server', Array)
#21 /var/www/casinosweeps.online/vendor/laravel/framework/src/Illuminate/Routing/Route.php(262): Illuminate\Routing\ControllerDispatcher->dispatch(Object(Illuminate\Routing\Route), Object(VanguardLTE\Http\Controllers\Web\Frontend\GamesController), 'server')
#22 /var/www/casinosweeps.online/vendor/laravel/framework/src/Illuminate/Routing/Route.php(205): Illuminate\Routing\Route->runController()
#23 /var/www/casinosweeps.online/vendor/laravel/framework/src/Illuminate/Routing/Router.php(721): Illuminate\Routing\Route->run()
#24 /var/www/casinosweeps.online/vendor/laravel/framework/src/Illuminate/Pipeline/Pipeline.php(128): Illuminate\Routing\Router->Illuminate\Routing\{closure}(Object(Illuminate\Http\Request))
#25 /var/www/casinosweeps.online/app/Http/Middleware/Checker.php(14): Illuminate\Pipeline\Pipeline->Illuminate\Pipeline\{closure}(Object(Illuminate\Http\Request))
#26 /var/www/casinosweeps.online/vendor/laravel/framework/src/Illuminate/Pipeline/Pipeline.php(167): VanguardLTE\Http\Middleware\Checker->handle(Object(Illuminate\Http\Request), Object(Closure))
#27 /var/www/casinosweeps.online/app/Http/Middleware/SiteIsClosed.php(14): Illuminate\Pipeline\Pipeline->Illuminate\Pipeline\{closure}(Object(Illuminate\Http\Request))
#28 /var/www/casinosweeps.online/vendor/laravel/framework/src/Illuminate/Pipeline/Pipeline.php(167): VanguardLTE\Http\Middleware\SiteIsClosed->handle(Object(Illuminate\Http\Request), Object(Closure))
#29 /var/www/casinosweeps.online/app/Http/Middleware/SelectLanguage.php(22): Illuminate\Pipeline\Pipeline->Illuminate\Pipeline\{closure}(Object(Illuminate\Http\Request))
#30 /var/www/casinosweeps.online/vendor/laravel/framework/src/Illuminate/Pipeline/Pipeline.php(167): VanguardLTE\Http\Middleware\SelectLanguage->handle(Object(Illuminate\Http\Request), Object(Closure))
#31 /var/www/casinosweeps.online/vendor/laravel/framework/src/Illuminate/Routing/Middleware/SubstituteBindings.php(50): Illuminate\Pipeline\Pipeline->Illuminate\Pipeline\{closure}(Object(Illuminate\Http\Request))
#32 /var/www/casinosweeps.online/vendor/laravel/framework/src/Illuminate/Pipeline/Pipeline.php(167): Illuminate\Routing\Middleware\SubstituteBindings->handle(Object(Illuminate\Http\Request), Object(Closure))
#33 /var/www/casinosweeps.online/vendor/laravel/framework/src/Illuminate/Foundation/Http/Middleware/VerifyCsrfToken.php(78): Illuminate\Pipeline\Pipeline->Illuminate\Pipeline\{closure}(Object(Illuminate\Http\Request))
#34 /var/www/casinosweeps.online/vendor/laravel/framework/src/Illuminate/Pipeline/Pipeline.php(167): Illuminate\Foundation\Http\Middleware\VerifyCsrfToken->handle(Object(Illuminate\Http\Request), Object(Closure))
#35 /var/www/casinosweeps.online/vendor/laravel/framework/src/Illuminate/View/Middleware/ShareErrorsFromSession.php(49): Illuminate\Pipeline\Pipeline->Illuminate\Pipeline\{closure}(Object(Illuminate\Http\Request))
#36 /var/www/casinosweeps.online/vendor/laravel/framework/src/Illuminate/Pipeline/Pipeline.php(167): Illuminate\View\Middleware\ShareErrorsFromSession->handle(Object(Illuminate\Http\Request), Object(Closure))
#37 /var/www/casinosweeps.online/vendor/laravel/framework/src/Illuminate/Session/Middleware/StartSession.php(121): Illuminate\Pipeline\Pipeline->Illuminate\Pipeline\{closure}(Object(Illuminate\Http\Request))
#38 /var/www/casinosweeps.online/vendor/laravel/framework/src/Illuminate/Session/Middleware/StartSession.php(64): Illuminate\Session\Middleware\StartSession->handleStatefulRequest(Object(Illuminate\Http\Request), Object(Illuminate\Session\Store), Object(Closure))
#39 /var/www/casinosweeps.online/vendor/laravel/framework/src/Illuminate/Pipeline/Pipeline.php(167): Illuminate\Session\Middleware\StartSession->handle(Object(Illuminate\Http\Request), Object(Closure))
#40 /var/www/casinosweeps.online/vendor/laravel/framework/src/Illuminate/Cookie/Middleware/AddQueuedCookiesToResponse.php(37): Illuminate\Pipeline\Pipeline->Illuminate\Pipeline\{closure}(Object(Illuminate\Http\Request))
#41 /var/www/casinosweeps.online/vendor/laravel/framework/src/Illuminate/Pipeline/Pipeline.php(167): Illuminate\Cookie\Middleware\AddQueuedCookiesToResponse->handle(Object(Illuminate\Http\Request), Object(Closure))
#42 /var/www/casinosweeps.online/vendor/laravel/framework/src/Illuminate/Cookie/Middleware/EncryptCookies.php(67): Illuminate\Pipeline\Pipeline->Illuminate\Pipeline\{closure}(Object(Illuminate\Http\Request))
#43 /var/www/casinosweeps.online/vendor/laravel/framework/src/Illuminate/Pipeline/Pipeline.php(167): Illuminate\Cookie\Middleware\EncryptCookies->handle(Object(Illuminate\Http\Request), Object(Closure))
#44 /var/www/casinosweeps.online/vendor/laravel/framework/src/Illuminate/Pipeline/Pipeline.php(103): Illuminate\Pipeline\Pipeline->Illuminate\Pipeline\{closure}(Object(Illuminate\Http\Request))
#45 /var/www/casinosweeps.online/vendor/laravel/framework/src/Illuminate/Routing/Router.php(723): Illuminate\Pipeline\Pipeline->then(Object(Closure))
#46 /var/www/casinosweeps.online/vendor/laravel/framework/src/Illuminate/Routing/Router.php(698): Illuminate\Routing\Router->runRouteWithinStack(Object(Illuminate\Routing\Route), Object(Illuminate\Http\Request))
#47 /var/www/casinosweeps.online/vendor/laravel/framework/src/Illuminate/Routing/Router.php(662): Illuminate\Routing\Router->runRoute(Object(Illuminate\Http\Request), Object(Illuminate\Routing\Route))
#48 /var/www/casinosweeps.online/vendor/laravel/framework/src/Illuminate/Routing/Router.php(651): Illuminate\Routing\Router->dispatchToRoute(Object(Illuminate\Http\Request))
#49 /var/www/casinosweeps.online/vendor/laravel/framework/src/Illuminate/Foundation/Http/Kernel.php(167): Illuminate\Routing\Router->dispatch(Object(Illuminate\Http\Request))
#50 /var/www/casinosweeps.online/vendor/laravel/framework/src/Illuminate/Pipeline/Pipeline.php(128): Illuminate\Foundation\Http\Kernel->Illuminate\Foundation\Http\{closure}(Object(Illuminate\Http\Request))
#51 /var/www/casinosweeps.online/vendor/proengsoft/laravel-jsvalidation/src/RemoteValidationMiddleware.php(61): Illuminate\Pipeline\Pipeline->Illuminate\Pipeline\{closure}(Object(Illuminate\Http\Request))
#52 /var/www/casinosweeps.online/vendor/laravel/framework/src/Illuminate/Pipeline/Pipeline.php(167): Proengsoft\JsValidation\RemoteValidationMiddleware->handle(Object(Illuminate\Http\Request), Object(Closure))
#53 /var/www/casinosweeps.online/vendor/barryvdh/laravel-debugbar/src/Middleware/InjectDebugbar.php(60): Illuminate\Pipeline\Pipeline->Illuminate\Pipeline\{closure}(Object(Illuminate\Http\Request))
#54 /var/www/casinosweeps.online/vendor/laravel/framework/src/Illuminate/Pipeline/Pipeline.php(167): Barryvdh\Debugbar\Middleware\InjectDebugbar->handle(Object(Illuminate\Http\Request), Object(Closure))
#55 /var/www/casinosweeps.online/vendor/fideloper/proxy/src/TrustProxies.php(57): Illuminate\Pipeline\Pipeline->Illuminate\Pipeline\{closure}(Object(Illuminate\Http\Request))
#56 /var/www/casinosweeps.online/vendor/laravel/framework/src/Illuminate/Pipeline/Pipeline.php(167): Fideloper\Proxy\TrustProxies->handle(Object(Illuminate\Http\Request), Object(Closure))
#57 /var/www/casinosweeps.online/vendor/laravel/framework/src/Illuminate/Foundation/Http/Middleware/TransformsRequest.php(21): Illuminate\Pipeline\Pipeline->Illuminate\Pipeline\{closure}(Object(Illuminate\Http\Request))
#58 /var/www/casinosweeps.online/vendor/laravel/framework/src/Illuminate/Foundation/Http/Middleware/ConvertEmptyStringsToNull.php(31): Illuminate\Foundation\Http\Middleware\TransformsRequest->handle(Object(Illuminate\Http\Request), Object(Closure))
#59 /var/www/casinosweeps.online/vendor/laravel/framework/src/Illuminate/Pipeline/Pipeline.php(167): Illuminate\Foundation\Http\Middleware\ConvertEmptyStringsToNull->handle(Object(Illuminate\Http\Request), Object(Closure))
#60 /var/www/casinosweeps.online/vendor/laravel/framework/src/Illuminate/Foundation/Http/Middleware/TransformsRequest.php(21): Illuminate\Pipeline\Pipeline->Illuminate\Pipeline\{closure}(Object(Illuminate\Http\Request))
#61 /var/www/casinosweeps.online/vendor/laravel/framework/src/Illuminate/Foundation/Http/Middleware/TrimStrings.php(40): Illuminate\Foundation\Http\Middleware\TransformsRequest->handle(Object(Illuminate\Http\Request), Object(Closure))
#62 /var/www/casinosweeps.online/vendor/laravel/framework/src/Illuminate/Pipeline/Pipeline.php(167): Illuminate\Foundation\Http\Middleware\TrimStrings->handle(Object(Illuminate\Http\Request), Object(Closure))
#63 /var/www/casinosweeps.online/vendor/laravel/framework/src/Illuminate/Foundation/Http/Middleware/PreventRequestsDuringMaintenance.php(86): Illuminate\Pipeline\Pipeline->Illuminate\Pipeline\{closure}(Object(Illuminate\Http\Request))
#64 /var/www/casinosweeps.online/vendor/laravel/framework/src/Illuminate/Pipeline/Pipeline.php(167): Illuminate\Foundation\Http\Middleware\PreventRequestsDuringMaintenance->handle(Object(Illuminate\Http\Request), Object(Closure))
#65 /var/www/casinosweeps.online/app/Http/Middleware/VerifyInstallation.php(16): Illuminate\Pipeline\Pipeline->Illuminate\Pipeline\{closure}(Object(Illuminate\Http\Request))
#66 /var/www/casinosweeps.online/vendor/laravel/framework/src/Illuminate/Pipeline/Pipeline.php(167): VanguardLTE\Http\Middleware\VerifyInstallation->handle(Object(Illuminate\Http\Request), Object(Closure))
#67 /var/www/casinosweeps.online/vendor/laravel/framework/src/Illuminate/Pipeline/Pipeline.php(103): Illuminate\Pipeline\Pipeline->Illuminate\Pipeline\{closure}(Object(Illuminate\Http\Request))
#68 /var/www/casinosweeps.online/vendor/laravel/framework/src/Illuminate/Foundation/Http/Kernel.php(142): Illuminate\Pipeline\Pipeline->then(Object(Closure))
#69 /var/www/casinosweeps.online/vendor/laravel/framework/src/Illuminate/Foundation/Http/Kernel.php(111): Illuminate\Foundation\Http\Kernel->sendRequestThroughRouter(Object(Illuminate\Http\Request))
#70 /var/www/casinosweeps.online/public/index.php(53): Illuminate\Foundation\Http\Kernel->handle(Object(Illuminate\Http\Request))
#71 {main}","serverResponse":"InternalError","request":{"sessionId":"294050"},"requestRaw":{"bet":25,"numCoins":1,"lines":[1,1,1,1,1,1,1,1,1,1,1,1,1,1,1,1,1,1,1,1,1,1,1,1,1],"spinType":"regular","windowId":"Qndapy","ID":40021,"umid":11,"gameName":"AgeOfTheGodsGodOfStormsPT","cookie":"","sessionId":"294050"}}
 ############################################### 
