
{"responseEvent":"error","responseType":"ErrorException: Undefined offset: 1 in /var/www/casinosweeps.online/app/Games/BellsOnFireAM/SlotSettings.php:610
Stack trace:
#0 /var/www/casinosweeps.online/app/Games/BellsOnFireAM/SlotSettings.php(610): Illuminate\Foundation\Bootstrap\HandleExceptions->handleError(8, 'Undefined offse...', '/var/www/casino...', 610, Array)
#1 /var/www/casinosweeps.online/app/Games/BellsOnFireAM/Server.php(581): VanguardLTE\Games\BellsOnFireAM\SlotSettings->UpdateJackpots(0.4)
#2 /var/www/casinosweeps.online/vendor/laravel/framework/src/Illuminate/Database/Concerns/ManagesTransactions.php(29): VanguardLTE\Games\BellsOnFireAM\{closure}(Object(Illuminate\Database\MySqlConnection))
#3 /var/www/casinosweeps.online/vendor/laravel/framework/src/Illuminate/Database/DatabaseManager.php(371): Illuminate\Database\Connection->transaction(Object(Closure), 5)
#4 /var/www/casinosweeps.online/vendor/laravel/framework/src/Illuminate/Support/Facades/Facade.php(261): Illuminate\Database\DatabaseManager->__call('transaction', Array)
#5 /var/www/casinosweeps.online/app/Games/BellsOnFireAM/Server.php(1307): Illuminate\Support\Facades\Facade::__callStatic('transaction', Array)
#6 /var/www/casinosweeps.online/app/Games/BellsOnFireAM/Server.php(1309): VanguardLTE\Games\BellsOnFireAM\get_(Object(Illuminate\Http\Request), 'BellsOnFireAM')
#7 /var/www/casinosweeps.online/app/Http/Controllers/Web/Frontend/GamesController.php(1054): VanguardLTE\Games\BellsOnFireAM\Server->get(Object(Illuminate\Http\Request), 'BellsOnFireAM', 201)
#8 /var/www/casinosweeps.online/vendor/laravel/framework/src/Illuminate/Routing/Controller.php(54): VanguardLTE\Http\Controllers\Web\Frontend\GamesController->server(Object(Illuminate\Http\Request), 'BellsOnFireAM')
#9 /var/www/casinosweeps.online/vendor/laravel/framework/src/Illuminate/Routing/ControllerDispatcher.php(45): Illuminate\Routing\Controller->callAction('server', Array)
#10 /var/www/casinosweeps.online/vendor/laravel/framework/src/Illuminate/Routing/Route.php(254): Illuminate\Routing\ControllerDispatcher->dispatch(Object(Illuminate\Routing\Route), Object(VanguardLTE\Http\Controllers\Web\Frontend\GamesController), 'server')
#11 /var/www/casinosweeps.online/vendor/laravel/framework/src/Illuminate/Routing/Route.php(197): Illuminate\Routing\Route->runController()
#12 /var/www/casinosweeps.online/vendor/laravel/framework/src/Illuminate/Routing/Router.php(695): Illuminate\Routing\Route->run()
#13 /var/www/casinosweeps.online/vendor/laravel/framework/src/Illuminate/Pipeline/Pipeline.php(128): Illuminate\Routing\Router->Illuminate\Routing\{closure}(Object(Illuminate\Http\Request))
#14 /var/www/casinosweeps.online/app/Http/Middleware/Checker.php(14): Illuminate\Pipeline\Pipeline->Illuminate\Pipeline\{closure}(Object(Illuminate\Http\Request))
#15 /var/www/casinosweeps.online/vendor/laravel/framework/src/Illuminate/Pipeline/Pipeline.php(167): VanguardLTE\Http\Middleware\Checker->handle(Object(Illuminate\Http\Request), Object(Closure))
#16 /var/www/casinosweeps.online/app/Http/Middleware/SiteIsClosed.php(14): Illuminate\Pipeline\Pipeline->Illuminate\Pipeline\{closure}(Object(Illuminate\Http\Request))
#17 /var/www/casinosweeps.online/vendor/laravel/framework/src/Illuminate/Pipeline/Pipeline.php(167): VanguardLTE\Http\Middleware\SiteIsClosed->handle(Object(Illuminate\Http\Request), Object(Closure))
#18 /var/www/casinosweeps.online/app/Http/Middleware/SelectLanguage.php(22): Illuminate\Pipeline\Pipeline->Illuminate\Pipeline\{closure}(Object(Illuminate\Http\Request))
#19 /var/www/casinosweeps.online/vendor/laravel/framework/src/Illuminate/Pipeline/Pipeline.php(167): VanguardLTE\Http\Middleware\SelectLanguage->handle(Object(Illuminate\Http\Request), Object(Closure))
#20 /var/www/casinosweeps.online/vendor/laravel/framework/src/Illuminate/Routing/Middleware/SubstituteBindings.php(50): Illuminate\Pipeline\Pipeline->Illuminate\Pipeline\{closure}(Object(Illuminate\Http\Request))
#21 /var/www/casinosweeps.online/vendor/laravel/framework/src/Illuminate/Pipeline/Pipeline.php(167): Illuminate\Routing\Middleware\SubstituteBindings->handle(Object(Illuminate\Http\Request), Object(Closure))
#22 /var/www/casinosweeps.online/vendor/laravel/framework/src/Illuminate/Foundation/Http/Middleware/VerifyCsrfToken.php(78): Illuminate\Pipeline\Pipeline->Illuminate\Pipeline\{closure}(Object(Illuminate\Http\Request))
#23 /var/www/casinosweeps.online/vendor/laravel/framework/src/Illuminate/Pipeline/Pipeline.php(167): Illuminate\Foundation\Http\Middleware\VerifyCsrfToken->handle(Object(Illuminate\Http\Request), Object(Closure))
#24 /var/www/casinosweeps.online/vendor/laravel/framework/src/Illuminate/View/Middleware/ShareErrorsFromSession.php(49): Illuminate\Pipeline\Pipeline->Illuminate\Pipeline\{closure}(Object(Illuminate\Http\Request))
#25 /var/www/casinosweeps.online/vendor/laravel/framework/src/Illuminate/Pipeline/Pipeline.php(167): Illuminate\View\Middleware\ShareErrorsFromSession->handle(Object(Illuminate\Http\Request), Object(Closure))
#26 /var/www/casinosweeps.online/vendor/laravel/framework/src/Illuminate/Session/Middleware/StartSession.php(121): Illuminate\Pipeline\Pipeline->Illuminate\Pipeline\{closure}(Object(Illuminate\Http\Request))
#27 /var/www/casinosweeps.online/vendor/laravel/framework/src/Illuminate/Session/Middleware/StartSession.php(64): Illuminate\Session\Middleware\StartSession->handleStatefulRequest(Object(Illuminate\Http\Request), Object(Illuminate\Session\Store), Object(Closure))
#28 /var/www/casinosweeps.online/vendor/laravel/framework/src/Illuminate/Pipeline/Pipeline.php(167): Illuminate\Session\Middleware\StartSession->handle(Object(Illuminate\Http\Request), Object(Closure))
#29 /var/www/casinosweeps.online/vendor/laravel/framework/src/Illuminate/Cookie/Middleware/AddQueuedCookiesToResponse.php(37): Illuminate\Pipeline\Pipeline->Illuminate\Pipeline\{closure}(Object(Illuminate\Http\Request))
#30 /var/www/casinosweeps.online/vendor/laravel/framework/src/Illuminate/Pipeline/Pipeline.php(167): Illuminate\Cookie\Middleware\AddQueuedCookiesToResponse->handle(Object(Illuminate\Http\Request), Object(Closure))
#31 /var/www/casinosweeps.online/vendor/laravel/framework/src/Illuminate/Cookie/Middleware/EncryptCookies.php(67): Illuminate\Pipeline\Pipeline->Illuminate\Pipeline\{closure}(Object(Illuminate\Http\Request))
#32 /var/www/casinosweeps.online/vendor/laravel/framework/src/Illuminate/Pipeline/Pipeline.php(167): Illuminate\Cookie\Middleware\EncryptCookies->handle(Object(Illuminate\Http\Request), Object(Closure))
#33 /var/www/casinosweeps.online/vendor/laravel/framework/src/Illuminate/Pipeline/Pipeline.php(103): Illuminate\Pipeline\Pipeline->Illuminate\Pipeline\{closure}(Object(Illuminate\Http\Request))
#34 /var/www/casinosweeps.online/vendor/laravel/framework/src/Illuminate/Routing/Router.php(697): Illuminate\Pipeline\Pipeline->then(Object(Closure))
#35 /var/www/casinosweeps.online/vendor/laravel/framework/src/Illuminate/Routing/Router.php(672): Illuminate\Routing\Router->runRouteWithinStack(Object(Illuminate\Routing\Route), Object(Illuminate\Http\Request))
#36 /var/www/casinosweeps.online/vendor/laravel/framework/src/Illuminate/Routing/Router.php(636): Illuminate\Routing\Router->runRoute(Object(Illuminate\Http\Request), Object(Illuminate\Routing\Route))
#37 /var/www/casinosweeps.online/vendor/laravel/framework/src/Illuminate/Routing/Router.php(625): Illuminate\Routing\Router->dispatchToRoute(Object(Illuminate\Http\Request))
#38 /var/www/casinosweeps.online/vendor/laravel/framework/src/Illuminate/Foundation/Http/Kernel.php(166): Illuminate\Routing\Router->dispatch(Object(Illuminate\Http\Request))
#39 /var/www/casinosweeps.online/vendor/laravel/framework/src/Illuminate/Pipeline/Pipeline.php(128): Illuminate\Foundation\Http\Kernel->Illuminate\Foundation\Http\{closure}(Object(Illuminate\Http\Request))
#40 /var/www/casinosweeps.online/vendor/proengsoft/laravel-jsvalidation/src/RemoteValidationMiddleware.php(61): Illuminate\Pipeline\Pipeline->Illuminate\Pipeline\{closure}(Object(Illuminate\Http\Request))
#41 /var/www/casinosweeps.online/vendor/laravel/framework/src/Illuminate/Pipeline/Pipeline.php(167): Proengsoft\JsValidation\RemoteValidationMiddleware->handle(Object(Illuminate\Http\Request), Object(Closure))
#42 /var/www/casinosweeps.online/vendor/barryvdh/laravel-debugbar/src/Middleware/InjectDebugbar.php(60): Illuminate\Pipeline\Pipeline->Illuminate\Pipeline\{closure}(Object(Illuminate\Http\Request))
#43 /var/www/casinosweeps.online/vendor/laravel/framework/src/Illuminate/Pipeline/Pipeline.php(167): Barryvdh\Debugbar\Middleware\InjectDebugbar->handle(Object(Illuminate\Http\Request), Object(Closure))
#44 /var/www/casinosweeps.online/vendor/fideloper/proxy/src/TrustProxies.php(57): Illuminate\Pipeline\Pipeline->Illuminate\Pipeline\{closure}(Object(Illuminate\Http\Request))
#45 /var/www/casinosweeps.online/vendor/laravel/framework/src/Illuminate/Pipeline/Pipeline.php(167): Fideloper\Proxy\TrustProxies->handle(Object(Illuminate\Http\Request), Object(Closure))
#46 /var/www/casinosweeps.online/vendor/laravel/framework/src/Illuminate/Foundation/Http/Middleware/TransformsRequest.php(21): Illuminate\Pipeline\Pipeline->Illuminate\Pipeline\{closure}(Object(Illuminate\Http\Request))
#47 /var/www/casinosweeps.online/vendor/laravel/framework/src/Illuminate/Foundation/Http/Middleware/ConvertEmptyStringsToNull.php(31): Illuminate\Foundation\Http\Middleware\TransformsRequest->handle(Object(Illuminate\Http\Request), Object(Closure))
#48 /var/www/casinosweeps.online/vendor/laravel/framework/src/Illuminate/Pipeline/Pipeline.php(167): Illuminate\Foundation\Http\Middleware\ConvertEmptyStringsToNull->handle(Object(Illuminate\Http\Request), Object(Closure))
#49 /var/www/casinosweeps.online/vendor/laravel/framework/src/Illuminate/Foundation/Http/Middleware/TransformsRequest.php(21): Illuminate\Pipeline\Pipeline->Illuminate\Pipeline\{closure}(Object(Illuminate\Http\Request))
#50 /var/www/casinosweeps.online/vendor/laravel/framework/src/Illuminate/Foundation/Http/Middleware/TrimStrings.php(40): Illuminate\Foundation\Http\Middleware\TransformsRequest->handle(Object(Illuminate\Http\Request), Object(Closure))
#51 /var/www/casinosweeps.online/vendor/laravel/framework/src/Illuminate/Pipeline/Pipeline.php(167): Illuminate\Foundation\Http\Middleware\TrimStrings->handle(Object(Illuminate\Http\Request), Object(Closure))
#52 /var/www/casinosweeps.online/vendor/laravel/framework/src/Illuminate/Foundation/Http/Middleware/PreventRequestsDuringMaintenance.php(86): Illuminate\Pipeline\Pipeline->Illuminate\Pipeline\{closure}(Object(Illuminate\Http\Request))
#53 /var/www/casinosweeps.online/vendor/laravel/framework/src/Illuminate/Pipeline/Pipeline.php(167): Illuminate\Foundation\Http\Middleware\PreventRequestsDuringMaintenance->handle(Object(Illuminate\Http\Request), Object(Closure))
#54 /var/www/casinosweeps.online/app/Http/Middleware/VerifyInstallation.php(16): Illuminate\Pipeline\Pipeline->Illuminate\Pipeline\{closure}(Object(Illuminate\Http\Request))
#55 /var/www/casinosweeps.online/vendor/laravel/framework/src/Illuminate/Pipeline/Pipeline.php(167): VanguardLTE\Http\Middleware\VerifyInstallation->handle(Object(Illuminate\Http\Request), Object(Closure))
#56 /var/www/casinosweeps.online/vendor/laravel/framework/src/Illuminate/Pipeline/Pipeline.php(103): Illuminate\Pipeline\Pipeline->Illuminate\Pipeline\{closure}(Object(Illuminate\Http\Request))
#57 /var/www/casinosweeps.online/vendor/laravel/framework/src/Illuminate/Foundation/Http/Kernel.php(141): Illuminate\Pipeline\Pipeline->then(Object(Closure))
#58 /var/www/casinosweeps.online/vendor/laravel/framework/src/Illuminate/Foundation/Http/Kernel.php(110): Illuminate\Foundation\Http\Kernel->sendRequestThroughRouter(Object(Illuminate\Http\Request))
#59 /var/www/casinosweeps.online/public/index.php(53): Illuminate\Foundation\Http\Kernel->handle(Object(Illuminate\Http\Request))
#60 {main}","serverResponse":"InternalError","request":{"sessionId":"194542","XSRF-TOKEN":"eyJpdiI6ImlPN2hXS1RqdE1yNXMxWVEzMWpLa0E9PSIsInZhbHVlIjoic2pCdHpZcVNDS1lkWHJsZ0xXSEZQVU9MS1AyUUtsb3JiR1dERlBFQ2dqYVZRYmExcHZOVXY1R0pqV29jcDU5YUFHbWFNdUViRGx4dVJ0RUxpNWl5R0xrYzhFWUNaTCtQRGwzUkJERUU4ZHJtcjl1elZORWd0OU55LzNGNGpyRVciLCJtYWMiOiI4NWJmODkwY2U2MTEzN2U2NjU1ODBjNTM3NTlhOTc4MzNlNGNhZDY0ZWVjYzA2MTc5MjQ0MDFiYmVjZDNhMjczIn0=","laravel_session":"eyJpdiI6ImF0QjA2Mmw4cTJlaHpSanFPU0RsVFE9PSIsInZhbHVlIjoiUEh5a3g0R0VWL1FiR1RFKzU1Q1RmRlJCcTNEcTB2Uzc0M2Y1dVJ1VjJ2V3FsR0l0SGh4WkQwb2ZUZ0p4ME9ZODVwcjExVVMwVzVnZGtYb0t1OGdCVytsNmQ2N0lzU2Fud2VYYWM0bTJLd0N5VFpTZkpoZ2tpbFAySXJXWUVveWkiLCJtYWMiOiI3NzNjOWMzYmNhYjQ0ZWM0YjEzMmQ0YzQ0ZjIwZGViMzliZWI1ZjlkZjNmZTA4MjkxY2QwNjI4NTI4NDIzN2QyIn0="},"requestRaw":{"gameData":"A/u251,40,0,0","cookie":"","sessionId":"194542","gameName":"BellsOnFireAM"}}
 ############################################### 

{"responseEvent":"error","responseType":"ErrorException: Undefined offset: 1 in /var/www/casinosweeps.online/app/Games/BellsOnFireAM/SlotSettings.php:610
Stack trace:
#0 /var/www/casinosweeps.online/app/Games/BellsOnFireAM/SlotSettings.php(610): Illuminate\Foundation\Bootstrap\HandleExceptions->handleError(8, 'Undefined offse...', '/var/www/casino...', 610, Array)
#1 /var/www/casinosweeps.online/app/Games/BellsOnFireAM/Server.php(581): VanguardLTE\Games\BellsOnFireAM\SlotSettings->UpdateJackpots(0.4)
#2 /var/www/casinosweeps.online/vendor/laravel/framework/src/Illuminate/Database/Concerns/ManagesTransactions.php(29): VanguardLTE\Games\BellsOnFireAM\{closure}(Object(Illuminate\Database\MySqlConnection))
#3 /var/www/casinosweeps.online/vendor/laravel/framework/src/Illuminate/Database/DatabaseManager.php(371): Illuminate\Database\Connection->transaction(Object(Closure), 5)
#4 /var/www/casinosweeps.online/vendor/laravel/framework/src/Illuminate/Support/Facades/Facade.php(261): Illuminate\Database\DatabaseManager->__call('transaction', Array)
#5 /var/www/casinosweeps.online/app/Games/BellsOnFireAM/Server.php(1307): Illuminate\Support\Facades\Facade::__callStatic('transaction', Array)
#6 /var/www/casinosweeps.online/app/Games/BellsOnFireAM/Server.php(1309): VanguardLTE\Games\BellsOnFireAM\get_(Object(Illuminate\Http\Request), 'BellsOnFireAM')
#7 /var/www/casinosweeps.online/app/Http/Controllers/Web/Frontend/GamesController.php(1055): VanguardLTE\Games\BellsOnFireAM\Server->get(Object(Illuminate\Http\Request), 'BellsOnFireAM', 213)
#8 /var/www/casinosweeps.online/vendor/laravel/framework/src/Illuminate/Routing/Controller.php(54): VanguardLTE\Http\Controllers\Web\Frontend\GamesController->server(Object(Illuminate\Http\Request), 'BellsOnFireAM')
#9 /var/www/casinosweeps.online/vendor/laravel/framework/src/Illuminate/Routing/ControllerDispatcher.php(45): Illuminate\Routing\Controller->callAction('server', Array)
#10 /var/www/casinosweeps.online/vendor/laravel/framework/src/Illuminate/Routing/Route.php(254): Illuminate\Routing\ControllerDispatcher->dispatch(Object(Illuminate\Routing\Route), Object(VanguardLTE\Http\Controllers\Web\Frontend\GamesController), 'server')
#11 /var/www/casinosweeps.online/vendor/laravel/framework/src/Illuminate/Routing/Route.php(197): Illuminate\Routing\Route->runController()
#12 /var/www/casinosweeps.online/vendor/laravel/framework/src/Illuminate/Routing/Router.php(695): Illuminate\Routing\Route->run()
#13 /var/www/casinosweeps.online/vendor/laravel/framework/src/Illuminate/Pipeline/Pipeline.php(128): Illuminate\Routing\Router->Illuminate\Routing\{closure}(Object(Illuminate\Http\Request))
#14 /var/www/casinosweeps.online/app/Http/Middleware/Checker.php(14): Illuminate\Pipeline\Pipeline->Illuminate\Pipeline\{closure}(Object(Illuminate\Http\Request))
#15 /var/www/casinosweeps.online/vendor/laravel/framework/src/Illuminate/Pipeline/Pipeline.php(167): VanguardLTE\Http\Middleware\Checker->handle(Object(Illuminate\Http\Request), Object(Closure))
#16 /var/www/casinosweeps.online/app/Http/Middleware/SiteIsClosed.php(14): Illuminate\Pipeline\Pipeline->Illuminate\Pipeline\{closure}(Object(Illuminate\Http\Request))
#17 /var/www/casinosweeps.online/vendor/laravel/framework/src/Illuminate/Pipeline/Pipeline.php(167): VanguardLTE\Http\Middleware\SiteIsClosed->handle(Object(Illuminate\Http\Request), Object(Closure))
#18 /var/www/casinosweeps.online/app/Http/Middleware/SelectLanguage.php(22): Illuminate\Pipeline\Pipeline->Illuminate\Pipeline\{closure}(Object(Illuminate\Http\Request))
#19 /var/www/casinosweeps.online/vendor/laravel/framework/src/Illuminate/Pipeline/Pipeline.php(167): VanguardLTE\Http\Middleware\SelectLanguage->handle(Object(Illuminate\Http\Request), Object(Closure))
#20 /var/www/casinosweeps.online/vendor/laravel/framework/src/Illuminate/Routing/Middleware/SubstituteBindings.php(50): Illuminate\Pipeline\Pipeline->Illuminate\Pipeline\{closure}(Object(Illuminate\Http\Request))
#21 /var/www/casinosweeps.online/vendor/laravel/framework/src/Illuminate/Pipeline/Pipeline.php(167): Illuminate\Routing\Middleware\SubstituteBindings->handle(Object(Illuminate\Http\Request), Object(Closure))
#22 /var/www/casinosweeps.online/vendor/laravel/framework/src/Illuminate/Foundation/Http/Middleware/VerifyCsrfToken.php(78): Illuminate\Pipeline\Pipeline->Illuminate\Pipeline\{closure}(Object(Illuminate\Http\Request))
#23 /var/www/casinosweeps.online/vendor/laravel/framework/src/Illuminate/Pipeline/Pipeline.php(167): Illuminate\Foundation\Http\Middleware\VerifyCsrfToken->handle(Object(Illuminate\Http\Request), Object(Closure))
#24 /var/www/casinosweeps.online/vendor/laravel/framework/src/Illuminate/View/Middleware/ShareErrorsFromSession.php(49): Illuminate\Pipeline\Pipeline->Illuminate\Pipeline\{closure}(Object(Illuminate\Http\Request))
#25 /var/www/casinosweeps.online/vendor/laravel/framework/src/Illuminate/Pipeline/Pipeline.php(167): Illuminate\View\Middleware\ShareErrorsFromSession->handle(Object(Illuminate\Http\Request), Object(Closure))
#26 /var/www/casinosweeps.online/vendor/laravel/framework/src/Illuminate/Session/Middleware/StartSession.php(121): Illuminate\Pipeline\Pipeline->Illuminate\Pipeline\{closure}(Object(Illuminate\Http\Request))
#27 /var/www/casinosweeps.online/vendor/laravel/framework/src/Illuminate/Session/Middleware/StartSession.php(64): Illuminate\Session\Middleware\StartSession->handleStatefulRequest(Object(Illuminate\Http\Request), Object(Illuminate\Session\Store), Object(Closure))
#28 /var/www/casinosweeps.online/vendor/laravel/framework/src/Illuminate/Pipeline/Pipeline.php(167): Illuminate\Session\Middleware\StartSession->handle(Object(Illuminate\Http\Request), Object(Closure))
#29 /var/www/casinosweeps.online/vendor/laravel/framework/src/Illuminate/Cookie/Middleware/AddQueuedCookiesToResponse.php(37): Illuminate\Pipeline\Pipeline->Illuminate\Pipeline\{closure}(Object(Illuminate\Http\Request))
#30 /var/www/casinosweeps.online/vendor/laravel/framework/src/Illuminate/Pipeline/Pipeline.php(167): Illuminate\Cookie\Middleware\AddQueuedCookiesToResponse->handle(Object(Illuminate\Http\Request), Object(Closure))
#31 /var/www/casinosweeps.online/vendor/laravel/framework/src/Illuminate/Cookie/Middleware/EncryptCookies.php(67): Illuminate\Pipeline\Pipeline->Illuminate\Pipeline\{closure}(Object(Illuminate\Http\Request))
#32 /var/www/casinosweeps.online/vendor/laravel/framework/src/Illuminate/Pipeline/Pipeline.php(167): Illuminate\Cookie\Middleware\EncryptCookies->handle(Object(Illuminate\Http\Request), Object(Closure))
#33 /var/www/casinosweeps.online/vendor/laravel/framework/src/Illuminate/Pipeline/Pipeline.php(103): Illuminate\Pipeline\Pipeline->Illuminate\Pipeline\{closure}(Object(Illuminate\Http\Request))
#34 /var/www/casinosweeps.online/vendor/laravel/framework/src/Illuminate/Routing/Router.php(697): Illuminate\Pipeline\Pipeline->then(Object(Closure))
#35 /var/www/casinosweeps.online/vendor/laravel/framework/src/Illuminate/Routing/Router.php(672): Illuminate\Routing\Router->runRouteWithinStack(Object(Illuminate\Routing\Route), Object(Illuminate\Http\Request))
#36 /var/www/casinosweeps.online/vendor/laravel/framework/src/Illuminate/Routing/Router.php(636): Illuminate\Routing\Router->runRoute(Object(Illuminate\Http\Request), Object(Illuminate\Routing\Route))
#37 /var/www/casinosweeps.online/vendor/laravel/framework/src/Illuminate/Routing/Router.php(625): Illuminate\Routing\Router->dispatchToRoute(Object(Illuminate\Http\Request))
#38 /var/www/casinosweeps.online/vendor/laravel/framework/src/Illuminate/Foundation/Http/Kernel.php(166): Illuminate\Routing\Router->dispatch(Object(Illuminate\Http\Request))
#39 /var/www/casinosweeps.online/vendor/laravel/framework/src/Illuminate/Pipeline/Pipeline.php(128): Illuminate\Foundation\Http\Kernel->Illuminate\Foundation\Http\{closure}(Object(Illuminate\Http\Request))
#40 /var/www/casinosweeps.online/vendor/proengsoft/laravel-jsvalidation/src/RemoteValidationMiddleware.php(61): Illuminate\Pipeline\Pipeline->Illuminate\Pipeline\{closure}(Object(Illuminate\Http\Request))
#41 /var/www/casinosweeps.online/vendor/laravel/framework/src/Illuminate/Pipeline/Pipeline.php(167): Proengsoft\JsValidation\RemoteValidationMiddleware->handle(Object(Illuminate\Http\Request), Object(Closure))
#42 /var/www/casinosweeps.online/vendor/barryvdh/laravel-debugbar/src/Middleware/InjectDebugbar.php(60): Illuminate\Pipeline\Pipeline->Illuminate\Pipeline\{closure}(Object(Illuminate\Http\Request))
#43 /var/www/casinosweeps.online/vendor/laravel/framework/src/Illuminate/Pipeline/Pipeline.php(167): Barryvdh\Debugbar\Middleware\InjectDebugbar->handle(Object(Illuminate\Http\Request), Object(Closure))
#44 /var/www/casinosweeps.online/vendor/fideloper/proxy/src/TrustProxies.php(57): Illuminate\Pipeline\Pipeline->Illuminate\Pipeline\{closure}(Object(Illuminate\Http\Request))
#45 /var/www/casinosweeps.online/vendor/laravel/framework/src/Illuminate/Pipeline/Pipeline.php(167): Fideloper\Proxy\TrustProxies->handle(Object(Illuminate\Http\Request), Object(Closure))
#46 /var/www/casinosweeps.online/vendor/laravel/framework/src/Illuminate/Foundation/Http/Middleware/TransformsRequest.php(21): Illuminate\Pipeline\Pipeline->Illuminate\Pipeline\{closure}(Object(Illuminate\Http\Request))
#47 /var/www/casinosweeps.online/vendor/laravel/framework/src/Illuminate/Foundation/Http/Middleware/ConvertEmptyStringsToNull.php(31): Illuminate\Foundation\Http\Middleware\TransformsRequest->handle(Object(Illuminate\Http\Request), Object(Closure))
#48 /var/www/casinosweeps.online/vendor/laravel/framework/src/Illuminate/Pipeline/Pipeline.php(167): Illuminate\Foundation\Http\Middleware\ConvertEmptyStringsToNull->handle(Object(Illuminate\Http\Request), Object(Closure))
#49 /var/www/casinosweeps.online/vendor/laravel/framework/src/Illuminate/Foundation/Http/Middleware/TransformsRequest.php(21): Illuminate\Pipeline\Pipeline->Illuminate\Pipeline\{closure}(Object(Illuminate\Http\Request))
#50 /var/www/casinosweeps.online/vendor/laravel/framework/src/Illuminate/Foundation/Http/Middleware/TrimStrings.php(40): Illuminate\Foundation\Http\Middleware\TransformsRequest->handle(Object(Illuminate\Http\Request), Object(Closure))
#51 /var/www/casinosweeps.online/vendor/laravel/framework/src/Illuminate/Pipeline/Pipeline.php(167): Illuminate\Foundation\Http\Middleware\TrimStrings->handle(Object(Illuminate\Http\Request), Object(Closure))
#52 /var/www/casinosweeps.online/vendor/laravel/framework/src/Illuminate/Foundation/Http/Middleware/PreventRequestsDuringMaintenance.php(86): Illuminate\Pipeline\Pipeline->Illuminate\Pipeline\{closure}(Object(Illuminate\Http\Request))
#53 /var/www/casinosweeps.online/vendor/laravel/framework/src/Illuminate/Pipeline/Pipeline.php(167): Illuminate\Foundation\Http\Middleware\PreventRequestsDuringMaintenance->handle(Object(Illuminate\Http\Request), Object(Closure))
#54 /var/www/casinosweeps.online/app/Http/Middleware/VerifyInstallation.php(16): Illuminate\Pipeline\Pipeline->Illuminate\Pipeline\{closure}(Object(Illuminate\Http\Request))
#55 /var/www/casinosweeps.online/vendor/laravel/framework/src/Illuminate/Pipeline/Pipeline.php(167): VanguardLTE\Http\Middleware\VerifyInstallation->handle(Object(Illuminate\Http\Request), Object(Closure))
#56 /var/www/casinosweeps.online/vendor/laravel/framework/src/Illuminate/Pipeline/Pipeline.php(103): Illuminate\Pipeline\Pipeline->Illuminate\Pipeline\{closure}(Object(Illuminate\Http\Request))
#57 /var/www/casinosweeps.online/vendor/laravel/framework/src/Illuminate/Foundation/Http/Kernel.php(141): Illuminate\Pipeline\Pipeline->then(Object(Closure))
#58 /var/www/casinosweeps.online/vendor/laravel/framework/src/Illuminate/Foundation/Http/Kernel.php(110): Illuminate\Foundation\Http\Kernel->sendRequestThroughRouter(Object(Illuminate\Http\Request))
#59 /var/www/casinosweeps.online/public/index.php(53): Illuminate\Foundation\Http\Kernel->handle(Object(Illuminate\Http\Request))
#60 {main}","serverResponse":"InternalError","request":{"sessionId":"837761","XSRF-TOKEN":"eyJpdiI6InpwaklQZDVwVGdTTGZTTm1DeWRvZ2c9PSIsInZhbHVlIjoiOGV2bEh1bEtiUm56VU1YODNKMnRnUjgvRzB1REtDSnc3K2k3b292RFZhTnNTQXJaK1Z6RFEwYXdGTmJsVVNUdU82WEJEYU55aWd6dlRuSngzZjBINDk2UHducUltR1lGdTM4b2o4RXA5a0U2RHFlUTl4ZU5yNHVYVTlyMTlLTHciLCJtYWMiOiJmOTFhYzNhMTVlNGQ5MDdmMDk3YjRhMzdkZDUwYjljYTMxNzQxNGQyOWUwNTBlZTc5MTMyMmM0YjIwOTQ2NjE1In0=","laravel_session":"eyJpdiI6InkxNWIrWVlpdHBYai9iNExxdU5rNnc9PSIsInZhbHVlIjoiSlVTV0RuV09aVW1ZVEU5cDlpczJBOWh3ODgyV1o2eU5CNkxNajYzOXMxVHhvKzJxYjMvbG9zOXpLQnJvL1pPeDJOekoyZE1OQlMxeDcyc3NNMWFncjE1RkdPYVI2QnBNcTFhSk9JeGkydFZWcitaTTZUNXhBakpzdHdEaGlXbWsiLCJtYWMiOiJmNTUxNDFlMDVlNTAxMWE3ZjhlOWVlMTIzZjdhYWY5NGQyN2Q3ZGJiODU4MzZhNjA0NjI1MzIyZGRlODAzNjU2In0="},"requestRaw":{"gameData":"A/u251,40,0,0","cookie":"","sessionId":"837761","gameName":"BellsOnFireAM"}}
 ############################################### 

{"responseEvent":"error","responseType":"ErrorException: Undefined offset: 1 in /var/www/casinosweeps.online/app/Games/BellsOnFireAM/SlotSettings.php:610
Stack trace:
#0 /var/www/casinosweeps.online/app/Games/BellsOnFireAM/SlotSettings.php(610): Illuminate\Foundation\Bootstrap\HandleExceptions->handleError(8, 'Undefined offse...', '/var/www/casino...', 610, Array)
#1 /var/www/casinosweeps.online/app/Games/BellsOnFireAM/Server.php(581): VanguardLTE\Games\BellsOnFireAM\SlotSettings->UpdateJackpots(0.4)
#2 /var/www/casinosweeps.online/vendor/laravel/framework/src/Illuminate/Database/Concerns/ManagesTransactions.php(29): VanguardLTE\Games\BellsOnFireAM\{closure}(Object(Illuminate\Database\MySqlConnection))
#3 /var/www/casinosweeps.online/vendor/laravel/framework/src/Illuminate/Database/DatabaseManager.php(371): Illuminate\Database\Connection->transaction(Object(Closure), 5)
#4 /var/www/casinosweeps.online/vendor/laravel/framework/src/Illuminate/Support/Facades/Facade.php(261): Illuminate\Database\DatabaseManager->__call('transaction', Array)
#5 /var/www/casinosweeps.online/app/Games/BellsOnFireAM/Server.php(1307): Illuminate\Support\Facades\Facade::__callStatic('transaction', Array)
#6 /var/www/casinosweeps.online/app/Games/BellsOnFireAM/Server.php(1309): VanguardLTE\Games\BellsOnFireAM\get_(Object(Illuminate\Http\Request), 'BellsOnFireAM')
#7 /var/www/casinosweeps.online/app/Http/Controllers/Web/Frontend/GamesController.php(1055): VanguardLTE\Games\BellsOnFireAM\Server->get(Object(Illuminate\Http\Request), 'BellsOnFireAM', 213)
#8 /var/www/casinosweeps.online/vendor/laravel/framework/src/Illuminate/Routing/Controller.php(54): VanguardLTE\Http\Controllers\Web\Frontend\GamesController->server(Object(Illuminate\Http\Request), 'BellsOnFireAM')
#9 /var/www/casinosweeps.online/vendor/laravel/framework/src/Illuminate/Routing/ControllerDispatcher.php(45): Illuminate\Routing\Controller->callAction('server', Array)
#10 /var/www/casinosweeps.online/vendor/laravel/framework/src/Illuminate/Routing/Route.php(254): Illuminate\Routing\ControllerDispatcher->dispatch(Object(Illuminate\Routing\Route), Object(VanguardLTE\Http\Controllers\Web\Frontend\GamesController), 'server')
#11 /var/www/casinosweeps.online/vendor/laravel/framework/src/Illuminate/Routing/Route.php(197): Illuminate\Routing\Route->runController()
#12 /var/www/casinosweeps.online/vendor/laravel/framework/src/Illuminate/Routing/Router.php(695): Illuminate\Routing\Route->run()
#13 /var/www/casinosweeps.online/vendor/laravel/framework/src/Illuminate/Pipeline/Pipeline.php(128): Illuminate\Routing\Router->Illuminate\Routing\{closure}(Object(Illuminate\Http\Request))
#14 /var/www/casinosweeps.online/app/Http/Middleware/Checker.php(14): Illuminate\Pipeline\Pipeline->Illuminate\Pipeline\{closure}(Object(Illuminate\Http\Request))
#15 /var/www/casinosweeps.online/vendor/laravel/framework/src/Illuminate/Pipeline/Pipeline.php(167): VanguardLTE\Http\Middleware\Checker->handle(Object(Illuminate\Http\Request), Object(Closure))
#16 /var/www/casinosweeps.online/app/Http/Middleware/SiteIsClosed.php(14): Illuminate\Pipeline\Pipeline->Illuminate\Pipeline\{closure}(Object(Illuminate\Http\Request))
#17 /var/www/casinosweeps.online/vendor/laravel/framework/src/Illuminate/Pipeline/Pipeline.php(167): VanguardLTE\Http\Middleware\SiteIsClosed->handle(Object(Illuminate\Http\Request), Object(Closure))
#18 /var/www/casinosweeps.online/app/Http/Middleware/SelectLanguage.php(22): Illuminate\Pipeline\Pipeline->Illuminate\Pipeline\{closure}(Object(Illuminate\Http\Request))
#19 /var/www/casinosweeps.online/vendor/laravel/framework/src/Illuminate/Pipeline/Pipeline.php(167): VanguardLTE\Http\Middleware\SelectLanguage->handle(Object(Illuminate\Http\Request), Object(Closure))
#20 /var/www/casinosweeps.online/vendor/laravel/framework/src/Illuminate/Routing/Middleware/SubstituteBindings.php(50): Illuminate\Pipeline\Pipeline->Illuminate\Pipeline\{closure}(Object(Illuminate\Http\Request))
#21 /var/www/casinosweeps.online/vendor/laravel/framework/src/Illuminate/Pipeline/Pipeline.php(167): Illuminate\Routing\Middleware\SubstituteBindings->handle(Object(Illuminate\Http\Request), Object(Closure))
#22 /var/www/casinosweeps.online/vendor/laravel/framework/src/Illuminate/Foundation/Http/Middleware/VerifyCsrfToken.php(78): Illuminate\Pipeline\Pipeline->Illuminate\Pipeline\{closure}(Object(Illuminate\Http\Request))
#23 /var/www/casinosweeps.online/vendor/laravel/framework/src/Illuminate/Pipeline/Pipeline.php(167): Illuminate\Foundation\Http\Middleware\VerifyCsrfToken->handle(Object(Illuminate\Http\Request), Object(Closure))
#24 /var/www/casinosweeps.online/vendor/laravel/framework/src/Illuminate/View/Middleware/ShareErrorsFromSession.php(49): Illuminate\Pipeline\Pipeline->Illuminate\Pipeline\{closure}(Object(Illuminate\Http\Request))
#25 /var/www/casinosweeps.online/vendor/laravel/framework/src/Illuminate/Pipeline/Pipeline.php(167): Illuminate\View\Middleware\ShareErrorsFromSession->handle(Object(Illuminate\Http\Request), Object(Closure))
#26 /var/www/casinosweeps.online/vendor/laravel/framework/src/Illuminate/Session/Middleware/StartSession.php(121): Illuminate\Pipeline\Pipeline->Illuminate\Pipeline\{closure}(Object(Illuminate\Http\Request))
#27 /var/www/casinosweeps.online/vendor/laravel/framework/src/Illuminate/Session/Middleware/StartSession.php(64): Illuminate\Session\Middleware\StartSession->handleStatefulRequest(Object(Illuminate\Http\Request), Object(Illuminate\Session\Store), Object(Closure))
#28 /var/www/casinosweeps.online/vendor/laravel/framework/src/Illuminate/Pipeline/Pipeline.php(167): Illuminate\Session\Middleware\StartSession->handle(Object(Illuminate\Http\Request), Object(Closure))
#29 /var/www/casinosweeps.online/vendor/laravel/framework/src/Illuminate/Cookie/Middleware/AddQueuedCookiesToResponse.php(37): Illuminate\Pipeline\Pipeline->Illuminate\Pipeline\{closure}(Object(Illuminate\Http\Request))
#30 /var/www/casinosweeps.online/vendor/laravel/framework/src/Illuminate/Pipeline/Pipeline.php(167): Illuminate\Cookie\Middleware\AddQueuedCookiesToResponse->handle(Object(Illuminate\Http\Request), Object(Closure))
#31 /var/www/casinosweeps.online/vendor/laravel/framework/src/Illuminate/Cookie/Middleware/EncryptCookies.php(67): Illuminate\Pipeline\Pipeline->Illuminate\Pipeline\{closure}(Object(Illuminate\Http\Request))
#32 /var/www/casinosweeps.online/vendor/laravel/framework/src/Illuminate/Pipeline/Pipeline.php(167): Illuminate\Cookie\Middleware\EncryptCookies->handle(Object(Illuminate\Http\Request), Object(Closure))
#33 /var/www/casinosweeps.online/vendor/laravel/framework/src/Illuminate/Pipeline/Pipeline.php(103): Illuminate\Pipeline\Pipeline->Illuminate\Pipeline\{closure}(Object(Illuminate\Http\Request))
#34 /var/www/casinosweeps.online/vendor/laravel/framework/src/Illuminate/Routing/Router.php(697): Illuminate\Pipeline\Pipeline->then(Object(Closure))
#35 /var/www/casinosweeps.online/vendor/laravel/framework/src/Illuminate/Routing/Router.php(672): Illuminate\Routing\Router->runRouteWithinStack(Object(Illuminate\Routing\Route), Object(Illuminate\Http\Request))
#36 /var/www/casinosweeps.online/vendor/laravel/framework/src/Illuminate/Routing/Router.php(636): Illuminate\Routing\Router->runRoute(Object(Illuminate\Http\Request), Object(Illuminate\Routing\Route))
#37 /var/www/casinosweeps.online/vendor/laravel/framework/src/Illuminate/Routing/Router.php(625): Illuminate\Routing\Router->dispatchToRoute(Object(Illuminate\Http\Request))
#38 /var/www/casinosweeps.online/vendor/laravel/framework/src/Illuminate/Foundation/Http/Kernel.php(166): Illuminate\Routing\Router->dispatch(Object(Illuminate\Http\Request))
#39 /var/www/casinosweeps.online/vendor/laravel/framework/src/Illuminate/Pipeline/Pipeline.php(128): Illuminate\Foundation\Http\Kernel->Illuminate\Foundation\Http\{closure}(Object(Illuminate\Http\Request))
#40 /var/www/casinosweeps.online/vendor/proengsoft/laravel-jsvalidation/src/RemoteValidationMiddleware.php(61): Illuminate\Pipeline\Pipeline->Illuminate\Pipeline\{closure}(Object(Illuminate\Http\Request))
#41 /var/www/casinosweeps.online/vendor/laravel/framework/src/Illuminate/Pipeline/Pipeline.php(167): Proengsoft\JsValidation\RemoteValidationMiddleware->handle(Object(Illuminate\Http\Request), Object(Closure))
#42 /var/www/casinosweeps.online/vendor/barryvdh/laravel-debugbar/src/Middleware/InjectDebugbar.php(60): Illuminate\Pipeline\Pipeline->Illuminate\Pipeline\{closure}(Object(Illuminate\Http\Request))
#43 /var/www/casinosweeps.online/vendor/laravel/framework/src/Illuminate/Pipeline/Pipeline.php(167): Barryvdh\Debugbar\Middleware\InjectDebugbar->handle(Object(Illuminate\Http\Request), Object(Closure))
#44 /var/www/casinosweeps.online/vendor/fideloper/proxy/src/TrustProxies.php(57): Illuminate\Pipeline\Pipeline->Illuminate\Pipeline\{closure}(Object(Illuminate\Http\Request))
#45 /var/www/casinosweeps.online/vendor/laravel/framework/src/Illuminate/Pipeline/Pipeline.php(167): Fideloper\Proxy\TrustProxies->handle(Object(Illuminate\Http\Request), Object(Closure))
#46 /var/www/casinosweeps.online/vendor/laravel/framework/src/Illuminate/Foundation/Http/Middleware/TransformsRequest.php(21): Illuminate\Pipeline\Pipeline->Illuminate\Pipeline\{closure}(Object(Illuminate\Http\Request))
#47 /var/www/casinosweeps.online/vendor/laravel/framework/src/Illuminate/Foundation/Http/Middleware/ConvertEmptyStringsToNull.php(31): Illuminate\Foundation\Http\Middleware\TransformsRequest->handle(Object(Illuminate\Http\Request), Object(Closure))
#48 /var/www/casinosweeps.online/vendor/laravel/framework/src/Illuminate/Pipeline/Pipeline.php(167): Illuminate\Foundation\Http\Middleware\ConvertEmptyStringsToNull->handle(Object(Illuminate\Http\Request), Object(Closure))
#49 /var/www/casinosweeps.online/vendor/laravel/framework/src/Illuminate/Foundation/Http/Middleware/TransformsRequest.php(21): Illuminate\Pipeline\Pipeline->Illuminate\Pipeline\{closure}(Object(Illuminate\Http\Request))
#50 /var/www/casinosweeps.online/vendor/laravel/framework/src/Illuminate/Foundation/Http/Middleware/TrimStrings.php(40): Illuminate\Foundation\Http\Middleware\TransformsRequest->handle(Object(Illuminate\Http\Request), Object(Closure))
#51 /var/www/casinosweeps.online/vendor/laravel/framework/src/Illuminate/Pipeline/Pipeline.php(167): Illuminate\Foundation\Http\Middleware\TrimStrings->handle(Object(Illuminate\Http\Request), Object(Closure))
#52 /var/www/casinosweeps.online/vendor/laravel/framework/src/Illuminate/Foundation/Http/Middleware/PreventRequestsDuringMaintenance.php(86): Illuminate\Pipeline\Pipeline->Illuminate\Pipeline\{closure}(Object(Illuminate\Http\Request))
#53 /var/www/casinosweeps.online/vendor/laravel/framework/src/Illuminate/Pipeline/Pipeline.php(167): Illuminate\Foundation\Http\Middleware\PreventRequestsDuringMaintenance->handle(Object(Illuminate\Http\Request), Object(Closure))
#54 /var/www/casinosweeps.online/app/Http/Middleware/VerifyInstallation.php(16): Illuminate\Pipeline\Pipeline->Illuminate\Pipeline\{closure}(Object(Illuminate\Http\Request))
#55 /var/www/casinosweeps.online/vendor/laravel/framework/src/Illuminate/Pipeline/Pipeline.php(167): VanguardLTE\Http\Middleware\VerifyInstallation->handle(Object(Illuminate\Http\Request), Object(Closure))
#56 /var/www/casinosweeps.online/vendor/laravel/framework/src/Illuminate/Pipeline/Pipeline.php(103): Illuminate\Pipeline\Pipeline->Illuminate\Pipeline\{closure}(Object(Illuminate\Http\Request))
#57 /var/www/casinosweeps.online/vendor/laravel/framework/src/Illuminate/Foundation/Http/Kernel.php(141): Illuminate\Pipeline\Pipeline->then(Object(Closure))
#58 /var/www/casinosweeps.online/vendor/laravel/framework/src/Illuminate/Foundation/Http/Kernel.php(110): Illuminate\Foundation\Http\Kernel->sendRequestThroughRouter(Object(Illuminate\Http\Request))
#59 /var/www/casinosweeps.online/public/index.php(53): Illuminate\Foundation\Http\Kernel->handle(Object(Illuminate\Http\Request))
#60 {main}","serverResponse":"InternalError","request":{"sessionId":"837761","XSRF-TOKEN":"eyJpdiI6InBJU2c5akl0Rys1RTNYL241UTZNMnc9PSIsInZhbHVlIjoiaHRnMFVJS0Z1NVd3SDA5c00yTVZpQ1E2bHFDalhNb2tNTVhRRFh6ZjR4YXcxTWxXNkhDNUFtclFKQ2doTGhUZ2M5ajYxY3hOZm96OEEydENncVFrbDVXNG5GN2hJNzVWY1BjeDkwWUFTM1Rub1UrZFhvdmlGZUJiekxTRjhEbnQiLCJtYWMiOiI2OWUyNjhiZjcwY2NmN2Y0OWM1MDgwOTgxZjkwZmEzYTY2Mzk2ZjdkYWZhNjQ1NjY4YmE3ODJiYWZmNmE4YzM2In0=","laravel_session":"eyJpdiI6IkdGbkdLYlp4UGIwTXdQQkFkRTdtS0E9PSIsInZhbHVlIjoiN3BmMU5FNVRSaTB2UWdQYkVnTWdPYndQVmJHaEZpVTc2YjBjY0VWVlpaRml0SFVqSUlYWi8rTmwrOGlkSFN3eHZEc2FXWEVLRFNjbTRjUHBlM3pDUnZ4RkdGR2VDSG96dGJJSW5Oai9UU2F4WWZ3a3dDcTFGQXRvOEZPQ2hERUMiLCJtYWMiOiI1ZGVjZmZjZDRmOWY2NzViMmQ5ODRhYjVmNmIxMzQ1NzVkMzFkZDBlOWU4ZjNlMjcyNTU1NWZjOGZmZDMwOWQzIn0="},"requestRaw":{"gameData":"A/u251,40,0,0","cookie":"","sessionId":"837761","gameName":"BellsOnFireAM"}}
 ############################################### 
