
{"responseEvent":"error","responseType":"ErrorException: Undefined offset: 1 in /var/www/casinosweeps.online/app/Games/BlackjackSurrenderPT/SlotSettings.php:550
Stack trace:
#0 /var/www/casinosweeps.online/app/Games/BlackjackSurrenderPT/SlotSettings.php(550): Illuminate\Foundation\Bootstrap\HandleExceptions->handleError(8, 'Undefined offse...', '/var/www/casino...', 550, Array)
#1 /var/www/casinosweeps.online/app/Games/BlackjackSurrenderPT/Server.php(349): VanguardLTE\Games\BlackjackSurrenderPT\SlotSettings->UpdateJackpots(1.5)
#2 /var/www/casinosweeps.online/vendor/laravel/framework/src/Illuminate/Database/Concerns/ManagesTransactions.php(29): VanguardLTE\Games\BlackjackSurrenderPT\{closure}(Object(Illuminate\Database\MySqlConnection))
#3 /var/www/casinosweeps.online/vendor/laravel/framework/src/Illuminate/Database/DatabaseManager.php(442): Illuminate\Database\Connection->transaction(Object(Closure), 5)
#4 /var/www/casinosweeps.online/vendor/laravel/framework/src/Illuminate/Support/Facades/Facade.php(261): Illuminate\Database\DatabaseManager->__call('transaction', Array)
#5 /var/www/casinosweeps.online/app/Games/BlackjackSurrenderPT/Server.php(701): Illuminate\Support\Facades\Facade::__callStatic('transaction', Array)
#6 /var/www/casinosweeps.online/app/Games/BlackjackSurrenderPT/Server.php(703): VanguardLTE\Games\BlackjackSurrenderPT\get_(Object(Illuminate\Http\Request), 'BlackjackSurren...')
#7 /var/www/casinosweeps.online/app/Http/Controllers/Web/Frontend/GamesController.php(1055): VanguardLTE\Games\BlackjackSurrenderPT\Server->get(Object(Illuminate\Http\Request), 'BlackjackSurren...', 201)
#8 /var/www/casinosweeps.online/vendor/laravel/framework/src/Illuminate/Routing/Controller.php(54): VanguardLTE\Http\Controllers\Web\Frontend\GamesController->server(Object(Illuminate\Http\Request), 'BlackjackSurren...')
#9 /var/www/casinosweeps.online/vendor/laravel/framework/src/Illuminate/Routing/ControllerDispatcher.php(45): Illuminate\Routing\Controller->callAction('server', Array)
#10 /var/www/casinosweeps.online/vendor/laravel/framework/src/Illuminate/Routing/Route.php(262): Illuminate\Routing\ControllerDispatcher->dispatch(Object(Illuminate\Routing\Route), Object(VanguardLTE\Http\Controllers\Web\Frontend\GamesController), 'server')
#11 /var/www/casinosweeps.online/vendor/laravel/framework/src/Illuminate/Routing/Route.php(205): Illuminate\Routing\Route->runController()
#12 /var/www/casinosweeps.online/vendor/laravel/framework/src/Illuminate/Routing/Router.php(721): Illuminate\Routing\Route->run()
#13 /var/www/casinosweeps.online/vendor/laravel/framework/src/Illuminate/Pipeline/Pipeline.php(128): Illuminate\Routing\Router->Illuminate\Routing\{closure}(Object(Illuminate\Http\Request))
#14 /var/www/casinosweeps.online/app/Http/Middleware/Checker.php(33): Illuminate\Pipeline\Pipeline->Illuminate\Pipeline\{closure}(Object(Illuminate\Http\Request))
#15 /var/www/casinosweeps.online/vendor/laravel/framework/src/Illuminate/Pipeline/Pipeline.php(167): VanguardLTE\Http\Middleware\Checker->handle(Object(Illuminate\Http\Request), Object(Closure))
#16 /var/www/casinosweeps.online/app/Http/Middleware/SiteIsClosed.php(20): Illuminate\Pipeline\Pipeline->Illuminate\Pipeline\{closure}(Object(Illuminate\Http\Request))
#17 /var/www/casinosweeps.online/vendor/laravel/framework/src/Illuminate/Pipeline/Pipeline.php(167): VanguardLTE\Http\Middleware\SiteIsClosed->handle(Object(Illuminate\Http\Request), Object(Closure))
#18 /var/www/casinosweeps.online/app/Http/Middleware/SelectLanguage.php(22): Illuminate\Pipeline\Pipeline->Illuminate\Pipeline\{closure}(Object(Illuminate\Http\Request))
#19 /var/www/casinosweeps.online/vendor/laravel/framework/src/Illuminate/Pipeline/Pipeline.php(167): VanguardLTE\Http\Middleware\SelectLanguage->handle(Object(Illuminate\Http\Request), Object(Closure))
#20 /var/www/casinosweeps.online/vendor/laravel/framework/src/Illuminate/Routing/Middleware/SubstituteBindings.php(50): Illuminate\Pipeline\Pipeline->Illuminate\Pipeline\{closure}(Object(Illuminate\Http\Request))
#21 /var/www/casinosweeps.online/vendor/laravel/framework/src/Illuminate/Pipeline/Pipeline.php(167): Illuminate\Routing\Middleware\SubstituteBindings->handle(Object(Illuminate\Http\Request), Object(Closure))
#22 /var/www/casinosweeps.online/vendor/laravel/framework/src/Illuminate/Foundation/Http/Middleware/VerifyCsrfToken.php(78): Illuminate\Pipeline\Pipeline->Illuminate\Pipeline\{closure}(Object(Illuminate\Http\Request))
#23 /var/www/casinosweeps.online/vendor/laravel/framework/src/Illuminate/Pipeline/Pipeline.php(167): Illuminate\Foundation\Http\Middleware\VerifyCsrfToken->handle(Object(Illuminate\Http\Request), Object(Closure))
#24 /var/www/casinosweeps.online/vendor/laravel/framework/src/Illuminate/View/Middleware/ShareErrorsFromSession.php(49): Illuminate\Pipeline\Pipeline->Illuminate\Pipeline\{closure}(Object(Illuminate\Http\Request))
#25 /var/www/casinosweeps.online/vendor/laravel/framework/src/Illuminate/Pipeline/Pipeline.php(167): Illuminate\View\Middleware\ShareErrorsFromSession->handle(Object(Illuminate\Http\Request), Object(Closure))
#26 /var/www/casinosweeps.online/vendor/laravel/framework/src/Illuminate/Session/Middleware/StartSession.php(121): Illuminate\Pipeline\Pipeline->Illuminate\Pipeline\{closure}(Object(Illuminate\Http\Request))
#27 /var/www/casinosweeps.online/vendor/laravel/framework/src/Illuminate/Session/Middleware/StartSession.php(64): Illuminate\Session\Middleware\StartSession->handleStatefulRequest(Object(Illuminate\Http\Request), Object(Illuminate\Session\Store), Object(Closure))
#28 /var/www/casinosweeps.online/vendor/laravel/framework/src/Illuminate/Pipeline/Pipeline.php(167): Illuminate\Session\Middleware\StartSession->handle(Object(Illuminate\Http\Request), Object(Closure))
#29 /var/www/casinosweeps.online/vendor/laravel/framework/src/Illuminate/Cookie/Middleware/AddQueuedCookiesToResponse.php(37): Illuminate\Pipeline\Pipeline->Illuminate\Pipeline\{closure}(Object(Illuminate\Http\Request))
#30 /var/www/casinosweeps.online/vendor/laravel/framework/src/Illuminate/Pipeline/Pipeline.php(167): Illuminate\Cookie\Middleware\AddQueuedCookiesToResponse->handle(Object(Illuminate\Http\Request), Object(Closure))
#31 /var/www/casinosweeps.online/vendor/laravel/framework/src/Illuminate/Cookie/Middleware/EncryptCookies.php(67): Illuminate\Pipeline\Pipeline->Illuminate\Pipeline\{closure}(Object(Illuminate\Http\Request))
#32 /var/www/casinosweeps.online/vendor/laravel/framework/src/Illuminate/Pipeline/Pipeline.php(167): Illuminate\Cookie\Middleware\EncryptCookies->handle(Object(Illuminate\Http\Request), Object(Closure))
#33 /var/www/casinosweeps.online/vendor/laravel/framework/src/Illuminate/Pipeline/Pipeline.php(103): Illuminate\Pipeline\Pipeline->Illuminate\Pipeline\{closure}(Object(Illuminate\Http\Request))
#34 /var/www/casinosweeps.online/vendor/laravel/framework/src/Illuminate/Routing/Router.php(723): Illuminate\Pipeline\Pipeline->then(Object(Closure))
#35 /var/www/casinosweeps.online/vendor/laravel/framework/src/Illuminate/Routing/Router.php(698): Illuminate\Routing\Router->runRouteWithinStack(Object(Illuminate\Routing\Route), Object(Illuminate\Http\Request))
#36 /var/www/casinosweeps.online/vendor/laravel/framework/src/Illuminate/Routing/Router.php(662): Illuminate\Routing\Router->runRoute(Object(Illuminate\Http\Request), Object(Illuminate\Routing\Route))
#37 /var/www/casinosweeps.online/vendor/laravel/framework/src/Illuminate/Routing/Router.php(651): Illuminate\Routing\Router->dispatchToRoute(Object(Illuminate\Http\Request))
#38 /var/www/casinosweeps.online/vendor/laravel/framework/src/Illuminate/Foundation/Http/Kernel.php(167): Illuminate\Routing\Router->dispatch(Object(Illuminate\Http\Request))
#39 /var/www/casinosweeps.online/vendor/laravel/framework/src/Illuminate/Pipeline/Pipeline.php(128): Illuminate\Foundation\Http\Kernel->Illuminate\Foundation\Http\{closure}(Object(Illuminate\Http\Request))
#40 /var/www/casinosweeps.online/vendor/proengsoft/laravel-jsvalidation/src/RemoteValidationMiddleware.php(61): Illuminate\Pipeline\Pipeline->Illuminate\Pipeline\{closure}(Object(Illuminate\Http\Request))
#41 /var/www/casinosweeps.online/vendor/laravel/framework/src/Illuminate/Pipeline/Pipeline.php(167): Proengsoft\JsValidation\RemoteValidationMiddleware->handle(Object(Illuminate\Http\Request), Object(Closure))
#42 /var/www/casinosweeps.online/vendor/barryvdh/laravel-debugbar/src/Middleware/InjectDebugbar.php(60): Illuminate\Pipeline\Pipeline->Illuminate\Pipeline\{closure}(Object(Illuminate\Http\Request))
#43 /var/www/casinosweeps.online/vendor/laravel/framework/src/Illuminate/Pipeline/Pipeline.php(167): Barryvdh\Debugbar\Middleware\InjectDebugbar->handle(Object(Illuminate\Http\Request), Object(Closure))
#44 /var/www/casinosweeps.online/vendor/fideloper/proxy/src/TrustProxies.php(57): Illuminate\Pipeline\Pipeline->Illuminate\Pipeline\{closure}(Object(Illuminate\Http\Request))
#45 /var/www/casinosweeps.online/vendor/laravel/framework/src/Illuminate/Pipeline/Pipeline.php(167): Fideloper\Proxy\TrustProxies->handle(Object(Illuminate\Http\Request), Object(Closure))
#46 /var/www/casinosweeps.online/vendor/laravel/framework/src/Illuminate/Foundation/Http/Middleware/TransformsRequest.php(21): Illuminate\Pipeline\Pipeline->Illuminate\Pipeline\{closure}(Object(Illuminate\Http\Request))
#47 /var/www/casinosweeps.online/vendor/laravel/framework/src/Illuminate/Foundation/Http/Middleware/ConvertEmptyStringsToNull.php(31): Illuminate\Foundation\Http\Middleware\TransformsRequest->handle(Object(Illuminate\Http\Request), Object(Closure))
#48 /var/www/casinosweeps.online/vendor/laravel/framework/src/Illuminate/Pipeline/Pipeline.php(167): Illuminate\Foundation\Http\Middleware\ConvertEmptyStringsToNull->handle(Object(Illuminate\Http\Request), Object(Closure))
#49 /var/www/casinosweeps.online/vendor/laravel/framework/src/Illuminate/Foundation/Http/Middleware/TransformsRequest.php(21): Illuminate\Pipeline\Pipeline->Illuminate\Pipeline\{closure}(Object(Illuminate\Http\Request))
#50 /var/www/casinosweeps.online/vendor/laravel/framework/src/Illuminate/Foundation/Http/Middleware/TrimStrings.php(40): Illuminate\Foundation\Http\Middleware\TransformsRequest->handle(Object(Illuminate\Http\Request), Object(Closure))
#51 /var/www/casinosweeps.online/vendor/laravel/framework/src/Illuminate/Pipeline/Pipeline.php(167): Illuminate\Foundation\Http\Middleware\TrimStrings->handle(Object(Illuminate\Http\Request), Object(Closure))
#52 /var/www/casinosweeps.online/vendor/laravel/framework/src/Illuminate/Foundation/Http/Middleware/PreventRequestsDuringMaintenance.php(86): Illuminate\Pipeline\Pipeline->Illuminate\Pipeline\{closure}(Object(Illuminate\Http\Request))
#53 /var/www/casinosweeps.online/vendor/laravel/framework/src/Illuminate/Pipeline/Pipeline.php(167): Illuminate\Foundation\Http\Middleware\PreventRequestsDuringMaintenance->handle(Object(Illuminate\Http\Request), Object(Closure))
#54 /var/www/casinosweeps.online/app/Http/Middleware/VerifyInstallation.php(16): Illuminate\Pipeline\Pipeline->Illuminate\Pipeline\{closure}(Object(Illuminate\Http\Request))
#55 /var/www/casinosweeps.online/vendor/laravel/framework/src/Illuminate/Pipeline/Pipeline.php(167): VanguardLTE\Http\Middleware\VerifyInstallation->handle(Object(Illuminate\Http\Request), Object(Closure))
#56 /var/www/casinosweeps.online/vendor/laravel/framework/src/Illuminate/Pipeline/Pipeline.php(103): Illuminate\Pipeline\Pipeline->Illuminate\Pipeline\{closure}(Object(Illuminate\Http\Request))
#57 /var/www/casinosweeps.online/vendor/laravel/framework/src/Illuminate/Foundation/Http/Kernel.php(142): Illuminate\Pipeline\Pipeline->then(Object(Closure))
#58 /var/www/casinosweeps.online/vendor/laravel/framework/src/Illuminate/Foundation/Http/Kernel.php(111): Illuminate\Foundation\Http\Kernel->sendRequestThroughRouter(Object(Illuminate\Http\Request))
#59 /var/www/casinosweeps.online/public/index.php(53): Illuminate\Foundation\Http\Kernel->handle(Object(Illuminate\Http\Request))
#60 {main}","serverResponse":"InternalError","request":{"sessionId":"256477","XSRF-TOKEN":"eyJpdiI6InJod1BKNTZub1dXV1g0OWd2dEFjblE9PSIsInZhbHVlIjoiVjgrakVuZDNET1V4WURJN1ZSVzVzQ3lNTmEwY3JYVWpkT1ZjZE5lM0RIeC9qQmkrTFRPRHh6YmNqUTdqZTlUME1EODFzUFlCZG4reXRxdW0xckRJeTVtOGhxTnpYVkZWYlNSY1p5dVl6REpaZGlkS0Rlbml2UTJ6cjdUTmxXemsiLCJtYWMiOiI2ZWM2NDJhMmYzNTEwZjEwNDhhMjM3YTEwYmNiZTI3NWRkMTAxYmY5ZTViMmVkOGQ4MTYwYTUwOWZjNDcwMTkyIiwidGFnIjoiIn0=","laravel_session":"eyJpdiI6ImU5RjRGczNFTHBBdjVoZDhYM3B4emc9PSIsInZhbHVlIjoiUjVNZ2FtaUg3ZU44UWFZeFlDdEMwcHNsMXZ5ZVorc1FSaWcycWNLMFNkYngxQWVSaUsrUEdUZVBwQ2dnNHYzbFBmTENyUUgyeFYwQXRDZTBXUmVYNWYzeVZUV3BJcm04bnZVdFVhYVNXME9TL0h0OCtPY1VkU3VacU03MUhFZHciLCJtYWMiOiIxYzZkM2M2NjUyZDExMTlkNWQzYzZmMTJkMDM2NWUyODJlMWU0MjJiOTk5ZjUwNjZiNWNmZjU4NGQwNmU4YTI2IiwidGFnIjoiIn0="},"requestRaw":{"dealerpairBet":0,"sideBets":[{"sideBet":0},{"sideBet":0},{"sideBet":0},{"sideBet":0},{"sideBet":0}],"windowId":"envire","ID":49260,"umid":11,"gameName":"BlackjackSurrenderPT","cookie":"","bets":[50,50,50,0,0],"sessionId":"256477"}}
 ############################################### 

{"responseEvent":"error","responseType":"ErrorException: Undefined offset: 1 in /var/www/casinosweeps.online/app/Games/BlackjackSurrenderPT/SlotSettings.php:550
Stack trace:
#0 /var/www/casinosweeps.online/app/Games/BlackjackSurrenderPT/SlotSettings.php(550): Illuminate\Foundation\Bootstrap\HandleExceptions->handleError(8, 'Undefined offse...', '/var/www/casino...', 550, Array)
#1 /var/www/casinosweeps.online/app/Games/BlackjackSurrenderPT/Server.php(349): VanguardLTE\Games\BlackjackSurrenderPT\SlotSettings->UpdateJackpots(2.6)
#2 /var/www/casinosweeps.online/vendor/laravel/framework/src/Illuminate/Database/Concerns/ManagesTransactions.php(29): VanguardLTE\Games\BlackjackSurrenderPT\{closure}(Object(Illuminate\Database\MySqlConnection))
#3 /var/www/casinosweeps.online/vendor/laravel/framework/src/Illuminate/Database/DatabaseManager.php(442): Illuminate\Database\Connection->transaction(Object(Closure), 5)
#4 /var/www/casinosweeps.online/vendor/laravel/framework/src/Illuminate/Support/Facades/Facade.php(261): Illuminate\Database\DatabaseManager->__call('transaction', Array)
#5 /var/www/casinosweeps.online/app/Games/BlackjackSurrenderPT/Server.php(701): Illuminate\Support\Facades\Facade::__callStatic('transaction', Array)
#6 /var/www/casinosweeps.online/app/Games/BlackjackSurrenderPT/Server.php(703): VanguardLTE\Games\BlackjackSurrenderPT\get_(Object(Illuminate\Http\Request), 'BlackjackSurren...')
#7 /var/www/casinosweeps.online/app/Http/Controllers/Web/Frontend/GamesController.php(1055): VanguardLTE\Games\BlackjackSurrenderPT\Server->get(Object(Illuminate\Http\Request), 'BlackjackSurren...', 201)
#8 /var/www/casinosweeps.online/vendor/laravel/framework/src/Illuminate/Routing/Controller.php(54): VanguardLTE\Http\Controllers\Web\Frontend\GamesController->server(Object(Illuminate\Http\Request), 'BlackjackSurren...')
#9 /var/www/casinosweeps.online/vendor/laravel/framework/src/Illuminate/Routing/ControllerDispatcher.php(45): Illuminate\Routing\Controller->callAction('server', Array)
#10 /var/www/casinosweeps.online/vendor/laravel/framework/src/Illuminate/Routing/Route.php(262): Illuminate\Routing\ControllerDispatcher->dispatch(Object(Illuminate\Routing\Route), Object(VanguardLTE\Http\Controllers\Web\Frontend\GamesController), 'server')
#11 /var/www/casinosweeps.online/vendor/laravel/framework/src/Illuminate/Routing/Route.php(205): Illuminate\Routing\Route->runController()
#12 /var/www/casinosweeps.online/vendor/laravel/framework/src/Illuminate/Routing/Router.php(721): Illuminate\Routing\Route->run()
#13 /var/www/casinosweeps.online/vendor/laravel/framework/src/Illuminate/Pipeline/Pipeline.php(128): Illuminate\Routing\Router->Illuminate\Routing\{closure}(Object(Illuminate\Http\Request))
#14 /var/www/casinosweeps.online/app/Http/Middleware/Checker.php(33): Illuminate\Pipeline\Pipeline->Illuminate\Pipeline\{closure}(Object(Illuminate\Http\Request))
#15 /var/www/casinosweeps.online/vendor/laravel/framework/src/Illuminate/Pipeline/Pipeline.php(167): VanguardLTE\Http\Middleware\Checker->handle(Object(Illuminate\Http\Request), Object(Closure))
#16 /var/www/casinosweeps.online/app/Http/Middleware/SiteIsClosed.php(20): Illuminate\Pipeline\Pipeline->Illuminate\Pipeline\{closure}(Object(Illuminate\Http\Request))
#17 /var/www/casinosweeps.online/vendor/laravel/framework/src/Illuminate/Pipeline/Pipeline.php(167): VanguardLTE\Http\Middleware\SiteIsClosed->handle(Object(Illuminate\Http\Request), Object(Closure))
#18 /var/www/casinosweeps.online/app/Http/Middleware/SelectLanguage.php(22): Illuminate\Pipeline\Pipeline->Illuminate\Pipeline\{closure}(Object(Illuminate\Http\Request))
#19 /var/www/casinosweeps.online/vendor/laravel/framework/src/Illuminate/Pipeline/Pipeline.php(167): VanguardLTE\Http\Middleware\SelectLanguage->handle(Object(Illuminate\Http\Request), Object(Closure))
#20 /var/www/casinosweeps.online/vendor/laravel/framework/src/Illuminate/Routing/Middleware/SubstituteBindings.php(50): Illuminate\Pipeline\Pipeline->Illuminate\Pipeline\{closure}(Object(Illuminate\Http\Request))
#21 /var/www/casinosweeps.online/vendor/laravel/framework/src/Illuminate/Pipeline/Pipeline.php(167): Illuminate\Routing\Middleware\SubstituteBindings->handle(Object(Illuminate\Http\Request), Object(Closure))
#22 /var/www/casinosweeps.online/vendor/laravel/framework/src/Illuminate/Foundation/Http/Middleware/VerifyCsrfToken.php(78): Illuminate\Pipeline\Pipeline->Illuminate\Pipeline\{closure}(Object(Illuminate\Http\Request))
#23 /var/www/casinosweeps.online/vendor/laravel/framework/src/Illuminate/Pipeline/Pipeline.php(167): Illuminate\Foundation\Http\Middleware\VerifyCsrfToken->handle(Object(Illuminate\Http\Request), Object(Closure))
#24 /var/www/casinosweeps.online/vendor/laravel/framework/src/Illuminate/View/Middleware/ShareErrorsFromSession.php(49): Illuminate\Pipeline\Pipeline->Illuminate\Pipeline\{closure}(Object(Illuminate\Http\Request))
#25 /var/www/casinosweeps.online/vendor/laravel/framework/src/Illuminate/Pipeline/Pipeline.php(167): Illuminate\View\Middleware\ShareErrorsFromSession->handle(Object(Illuminate\Http\Request), Object(Closure))
#26 /var/www/casinosweeps.online/vendor/laravel/framework/src/Illuminate/Session/Middleware/StartSession.php(121): Illuminate\Pipeline\Pipeline->Illuminate\Pipeline\{closure}(Object(Illuminate\Http\Request))
#27 /var/www/casinosweeps.online/vendor/laravel/framework/src/Illuminate/Session/Middleware/StartSession.php(64): Illuminate\Session\Middleware\StartSession->handleStatefulRequest(Object(Illuminate\Http\Request), Object(Illuminate\Session\Store), Object(Closure))
#28 /var/www/casinosweeps.online/vendor/laravel/framework/src/Illuminate/Pipeline/Pipeline.php(167): Illuminate\Session\Middleware\StartSession->handle(Object(Illuminate\Http\Request), Object(Closure))
#29 /var/www/casinosweeps.online/vendor/laravel/framework/src/Illuminate/Cookie/Middleware/AddQueuedCookiesToResponse.php(37): Illuminate\Pipeline\Pipeline->Illuminate\Pipeline\{closure}(Object(Illuminate\Http\Request))
#30 /var/www/casinosweeps.online/vendor/laravel/framework/src/Illuminate/Pipeline/Pipeline.php(167): Illuminate\Cookie\Middleware\AddQueuedCookiesToResponse->handle(Object(Illuminate\Http\Request), Object(Closure))
#31 /var/www/casinosweeps.online/vendor/laravel/framework/src/Illuminate/Cookie/Middleware/EncryptCookies.php(67): Illuminate\Pipeline\Pipeline->Illuminate\Pipeline\{closure}(Object(Illuminate\Http\Request))
#32 /var/www/casinosweeps.online/vendor/laravel/framework/src/Illuminate/Pipeline/Pipeline.php(167): Illuminate\Cookie\Middleware\EncryptCookies->handle(Object(Illuminate\Http\Request), Object(Closure))
#33 /var/www/casinosweeps.online/vendor/laravel/framework/src/Illuminate/Pipeline/Pipeline.php(103): Illuminate\Pipeline\Pipeline->Illuminate\Pipeline\{closure}(Object(Illuminate\Http\Request))
#34 /var/www/casinosweeps.online/vendor/laravel/framework/src/Illuminate/Routing/Router.php(723): Illuminate\Pipeline\Pipeline->then(Object(Closure))
#35 /var/www/casinosweeps.online/vendor/laravel/framework/src/Illuminate/Routing/Router.php(698): Illuminate\Routing\Router->runRouteWithinStack(Object(Illuminate\Routing\Route), Object(Illuminate\Http\Request))
#36 /var/www/casinosweeps.online/vendor/laravel/framework/src/Illuminate/Routing/Router.php(662): Illuminate\Routing\Router->runRoute(Object(Illuminate\Http\Request), Object(Illuminate\Routing\Route))
#37 /var/www/casinosweeps.online/vendor/laravel/framework/src/Illuminate/Routing/Router.php(651): Illuminate\Routing\Router->dispatchToRoute(Object(Illuminate\Http\Request))
#38 /var/www/casinosweeps.online/vendor/laravel/framework/src/Illuminate/Foundation/Http/Kernel.php(167): Illuminate\Routing\Router->dispatch(Object(Illuminate\Http\Request))
#39 /var/www/casinosweeps.online/vendor/laravel/framework/src/Illuminate/Pipeline/Pipeline.php(128): Illuminate\Foundation\Http\Kernel->Illuminate\Foundation\Http\{closure}(Object(Illuminate\Http\Request))
#40 /var/www/casinosweeps.online/vendor/proengsoft/laravel-jsvalidation/src/RemoteValidationMiddleware.php(61): Illuminate\Pipeline\Pipeline->Illuminate\Pipeline\{closure}(Object(Illuminate\Http\Request))
#41 /var/www/casinosweeps.online/vendor/laravel/framework/src/Illuminate/Pipeline/Pipeline.php(167): Proengsoft\JsValidation\RemoteValidationMiddleware->handle(Object(Illuminate\Http\Request), Object(Closure))
#42 /var/www/casinosweeps.online/vendor/barryvdh/laravel-debugbar/src/Middleware/InjectDebugbar.php(60): Illuminate\Pipeline\Pipeline->Illuminate\Pipeline\{closure}(Object(Illuminate\Http\Request))
#43 /var/www/casinosweeps.online/vendor/laravel/framework/src/Illuminate/Pipeline/Pipeline.php(167): Barryvdh\Debugbar\Middleware\InjectDebugbar->handle(Object(Illuminate\Http\Request), Object(Closure))
#44 /var/www/casinosweeps.online/vendor/fideloper/proxy/src/TrustProxies.php(57): Illuminate\Pipeline\Pipeline->Illuminate\Pipeline\{closure}(Object(Illuminate\Http\Request))
#45 /var/www/casinosweeps.online/vendor/laravel/framework/src/Illuminate/Pipeline/Pipeline.php(167): Fideloper\Proxy\TrustProxies->handle(Object(Illuminate\Http\Request), Object(Closure))
#46 /var/www/casinosweeps.online/vendor/laravel/framework/src/Illuminate/Foundation/Http/Middleware/TransformsRequest.php(21): Illuminate\Pipeline\Pipeline->Illuminate\Pipeline\{closure}(Object(Illuminate\Http\Request))
#47 /var/www/casinosweeps.online/vendor/laravel/framework/src/Illuminate/Foundation/Http/Middleware/ConvertEmptyStringsToNull.php(31): Illuminate\Foundation\Http\Middleware\TransformsRequest->handle(Object(Illuminate\Http\Request), Object(Closure))
#48 /var/www/casinosweeps.online/vendor/laravel/framework/src/Illuminate/Pipeline/Pipeline.php(167): Illuminate\Foundation\Http\Middleware\ConvertEmptyStringsToNull->handle(Object(Illuminate\Http\Request), Object(Closure))
#49 /var/www/casinosweeps.online/vendor/laravel/framework/src/Illuminate/Foundation/Http/Middleware/TransformsRequest.php(21): Illuminate\Pipeline\Pipeline->Illuminate\Pipeline\{closure}(Object(Illuminate\Http\Request))
#50 /var/www/casinosweeps.online/vendor/laravel/framework/src/Illuminate/Foundation/Http/Middleware/TrimStrings.php(40): Illuminate\Foundation\Http\Middleware\TransformsRequest->handle(Object(Illuminate\Http\Request), Object(Closure))
#51 /var/www/casinosweeps.online/vendor/laravel/framework/src/Illuminate/Pipeline/Pipeline.php(167): Illuminate\Foundation\Http\Middleware\TrimStrings->handle(Object(Illuminate\Http\Request), Object(Closure))
#52 /var/www/casinosweeps.online/vendor/laravel/framework/src/Illuminate/Foundation/Http/Middleware/PreventRequestsDuringMaintenance.php(86): Illuminate\Pipeline\Pipeline->Illuminate\Pipeline\{closure}(Object(Illuminate\Http\Request))
#53 /var/www/casinosweeps.online/vendor/laravel/framework/src/Illuminate/Pipeline/Pipeline.php(167): Illuminate\Foundation\Http\Middleware\PreventRequestsDuringMaintenance->handle(Object(Illuminate\Http\Request), Object(Closure))
#54 /var/www/casinosweeps.online/app/Http/Middleware/VerifyInstallation.php(16): Illuminate\Pipeline\Pipeline->Illuminate\Pipeline\{closure}(Object(Illuminate\Http\Request))
#55 /var/www/casinosweeps.online/vendor/laravel/framework/src/Illuminate/Pipeline/Pipeline.php(167): VanguardLTE\Http\Middleware\VerifyInstallation->handle(Object(Illuminate\Http\Request), Object(Closure))
#56 /var/www/casinosweeps.online/vendor/laravel/framework/src/Illuminate/Pipeline/Pipeline.php(103): Illuminate\Pipeline\Pipeline->Illuminate\Pipeline\{closure}(Object(Illuminate\Http\Request))
#57 /var/www/casinosweeps.online/vendor/laravel/framework/src/Illuminate/Foundation/Http/Kernel.php(142): Illuminate\Pipeline\Pipeline->then(Object(Closure))
#58 /var/www/casinosweeps.online/vendor/laravel/framework/src/Illuminate/Foundation/Http/Kernel.php(111): Illuminate\Foundation\Http\Kernel->sendRequestThroughRouter(Object(Illuminate\Http\Request))
#59 /var/www/casinosweeps.online/public/index.php(53): Illuminate\Foundation\Http\Kernel->handle(Object(Illuminate\Http\Request))
#60 {main}","serverResponse":"InternalError","request":{"sessionId":"256477","XSRF-TOKEN":"eyJpdiI6Ik43UlFhNHMzbGxvV0p2VUs1V2dKd2c9PSIsInZhbHVlIjoiLzEwaTEzRkZaaEpiNlEwS1MxR3FoY2xSWnB4Mit0RHY2ZHpXVGptOFlVWDF6aXpJdFV0ejNlRm9YVk1qYzlnWG1za2NRVXZ0aHJNNXhpOEU3SmMzZUhmK0dCdW9Dd04yRkNnYmdselJvcENZalYrdTEwV3ZmbVRRdGpJeTFEYnYiLCJtYWMiOiJlOGQ5NmM4MDAwZjc0YzVlNzdkNmEzOTE2NDQwYWMwZDZmYTI3Y2U4M2FhY2U3ZGJkNDRhMjA0OWMwMGY2ZDdiIiwidGFnIjoiIn0=","laravel_session":"eyJpdiI6IngzSGJHZ1hFbzNxSmdjQWJZRjBjQ1E9PSIsInZhbHVlIjoiT3BtUWpwcTFEWDZaRk9zd285OVBxWmxrMXFoOC9Vd3g0ZjlEQlkzQWdXZFdCK1JCb3RjTFdCaFBvdFFwU1ZXZUl5enNacmlUZldSemJXQndvZzJuclJSbWEyY3hMN201OE5jMGRydXZxK0loSmNkeGl2TllHRnBOR05CemE0NVoiLCJtYWMiOiI5NjU2ODQ4YWQ0NTJmY2Y5MDNlZDhhNTFmMWI1ODFlYWE1Njc4NDI5MGJhOTgwMjI2YWI2YjVhNTBiZmUwOWU0IiwidGFnIjoiIn0="},"requestRaw":{"dealerpairBet":0,"sideBets":[{"sideBet":0},{"sideBet":0},{"sideBet":0},{"sideBet":0},{"sideBet":0}],"windowId":"TNsWBN","ID":49260,"umid":11,"gameName":"BlackjackSurrenderPT","cookie":"","bets":[100,0,100,50,10],"sessionId":"256477"}}
 ############################################### 

{"responseEvent":"error","responseType":"ErrorException: Undefined offset: 1 in /var/www/casinosweeps.online/app/Games/BlackjackSurrenderPT/SlotSettings.php:550
Stack trace:
#0 /var/www/casinosweeps.online/app/Games/BlackjackSurrenderPT/SlotSettings.php(550): Illuminate\Foundation\Bootstrap\HandleExceptions->handleError(8, 'Undefined offse...', '/var/www/casino...', 550, Array)
#1 /var/www/casinosweeps.online/app/Games/BlackjackSurrenderPT/Server.php(349): VanguardLTE\Games\BlackjackSurrenderPT\SlotSettings->UpdateJackpots(5)
#2 /var/www/casinosweeps.online/vendor/laravel/framework/src/Illuminate/Database/Concerns/ManagesTransactions.php(29): VanguardLTE\Games\BlackjackSurrenderPT\{closure}(Object(Illuminate\Database\MySqlConnection))
#3 /var/www/casinosweeps.online/vendor/laravel/framework/src/Illuminate/Database/DatabaseManager.php(442): Illuminate\Database\Connection->transaction(Object(Closure), 5)
#4 /var/www/casinosweeps.online/vendor/laravel/framework/src/Illuminate/Support/Facades/Facade.php(261): Illuminate\Database\DatabaseManager->__call('transaction', Array)
#5 /var/www/casinosweeps.online/app/Games/BlackjackSurrenderPT/Server.php(701): Illuminate\Support\Facades\Facade::__callStatic('transaction', Array)
#6 /var/www/casinosweeps.online/app/Games/BlackjackSurrenderPT/Server.php(703): VanguardLTE\Games\BlackjackSurrenderPT\get_(Object(Illuminate\Http\Request), 'BlackjackSurren...')
#7 /var/www/casinosweeps.online/app/Http/Controllers/Web/Frontend/GamesController.php(1055): VanguardLTE\Games\BlackjackSurrenderPT\Server->get(Object(Illuminate\Http\Request), 'BlackjackSurren...', 201)
#8 /var/www/casinosweeps.online/vendor/laravel/framework/src/Illuminate/Routing/Controller.php(54): VanguardLTE\Http\Controllers\Web\Frontend\GamesController->server(Object(Illuminate\Http\Request), 'BlackjackSurren...')
#9 /var/www/casinosweeps.online/vendor/laravel/framework/src/Illuminate/Routing/ControllerDispatcher.php(45): Illuminate\Routing\Controller->callAction('server', Array)
#10 /var/www/casinosweeps.online/vendor/laravel/framework/src/Illuminate/Routing/Route.php(262): Illuminate\Routing\ControllerDispatcher->dispatch(Object(Illuminate\Routing\Route), Object(VanguardLTE\Http\Controllers\Web\Frontend\GamesController), 'server')
#11 /var/www/casinosweeps.online/vendor/laravel/framework/src/Illuminate/Routing/Route.php(205): Illuminate\Routing\Route->runController()
#12 /var/www/casinosweeps.online/vendor/laravel/framework/src/Illuminate/Routing/Router.php(721): Illuminate\Routing\Route->run()
#13 /var/www/casinosweeps.online/vendor/laravel/framework/src/Illuminate/Pipeline/Pipeline.php(128): Illuminate\Routing\Router->Illuminate\Routing\{closure}(Object(Illuminate\Http\Request))
#14 /var/www/casinosweeps.online/app/Http/Middleware/Checker.php(33): Illuminate\Pipeline\Pipeline->Illuminate\Pipeline\{closure}(Object(Illuminate\Http\Request))
#15 /var/www/casinosweeps.online/vendor/laravel/framework/src/Illuminate/Pipeline/Pipeline.php(167): VanguardLTE\Http\Middleware\Checker->handle(Object(Illuminate\Http\Request), Object(Closure))
#16 /var/www/casinosweeps.online/app/Http/Middleware/SiteIsClosed.php(20): Illuminate\Pipeline\Pipeline->Illuminate\Pipeline\{closure}(Object(Illuminate\Http\Request))
#17 /var/www/casinosweeps.online/vendor/laravel/framework/src/Illuminate/Pipeline/Pipeline.php(167): VanguardLTE\Http\Middleware\SiteIsClosed->handle(Object(Illuminate\Http\Request), Object(Closure))
#18 /var/www/casinosweeps.online/app/Http/Middleware/SelectLanguage.php(22): Illuminate\Pipeline\Pipeline->Illuminate\Pipeline\{closure}(Object(Illuminate\Http\Request))
#19 /var/www/casinosweeps.online/vendor/laravel/framework/src/Illuminate/Pipeline/Pipeline.php(167): VanguardLTE\Http\Middleware\SelectLanguage->handle(Object(Illuminate\Http\Request), Object(Closure))
#20 /var/www/casinosweeps.online/vendor/laravel/framework/src/Illuminate/Routing/Middleware/SubstituteBindings.php(50): Illuminate\Pipeline\Pipeline->Illuminate\Pipeline\{closure}(Object(Illuminate\Http\Request))
#21 /var/www/casinosweeps.online/vendor/laravel/framework/src/Illuminate/Pipeline/Pipeline.php(167): Illuminate\Routing\Middleware\SubstituteBindings->handle(Object(Illuminate\Http\Request), Object(Closure))
#22 /var/www/casinosweeps.online/vendor/laravel/framework/src/Illuminate/Foundation/Http/Middleware/VerifyCsrfToken.php(78): Illuminate\Pipeline\Pipeline->Illuminate\Pipeline\{closure}(Object(Illuminate\Http\Request))
#23 /var/www/casinosweeps.online/vendor/laravel/framework/src/Illuminate/Pipeline/Pipeline.php(167): Illuminate\Foundation\Http\Middleware\VerifyCsrfToken->handle(Object(Illuminate\Http\Request), Object(Closure))
#24 /var/www/casinosweeps.online/vendor/laravel/framework/src/Illuminate/View/Middleware/ShareErrorsFromSession.php(49): Illuminate\Pipeline\Pipeline->Illuminate\Pipeline\{closure}(Object(Illuminate\Http\Request))
#25 /var/www/casinosweeps.online/vendor/laravel/framework/src/Illuminate/Pipeline/Pipeline.php(167): Illuminate\View\Middleware\ShareErrorsFromSession->handle(Object(Illuminate\Http\Request), Object(Closure))
#26 /var/www/casinosweeps.online/vendor/laravel/framework/src/Illuminate/Session/Middleware/StartSession.php(121): Illuminate\Pipeline\Pipeline->Illuminate\Pipeline\{closure}(Object(Illuminate\Http\Request))
#27 /var/www/casinosweeps.online/vendor/laravel/framework/src/Illuminate/Session/Middleware/StartSession.php(64): Illuminate\Session\Middleware\StartSession->handleStatefulRequest(Object(Illuminate\Http\Request), Object(Illuminate\Session\Store), Object(Closure))
#28 /var/www/casinosweeps.online/vendor/laravel/framework/src/Illuminate/Pipeline/Pipeline.php(167): Illuminate\Session\Middleware\StartSession->handle(Object(Illuminate\Http\Request), Object(Closure))
#29 /var/www/casinosweeps.online/vendor/laravel/framework/src/Illuminate/Cookie/Middleware/AddQueuedCookiesToResponse.php(37): Illuminate\Pipeline\Pipeline->Illuminate\Pipeline\{closure}(Object(Illuminate\Http\Request))
#30 /var/www/casinosweeps.online/vendor/laravel/framework/src/Illuminate/Pipeline/Pipeline.php(167): Illuminate\Cookie\Middleware\AddQueuedCookiesToResponse->handle(Object(Illuminate\Http\Request), Object(Closure))
#31 /var/www/casinosweeps.online/vendor/laravel/framework/src/Illuminate/Cookie/Middleware/EncryptCookies.php(67): Illuminate\Pipeline\Pipeline->Illuminate\Pipeline\{closure}(Object(Illuminate\Http\Request))
#32 /var/www/casinosweeps.online/vendor/laravel/framework/src/Illuminate/Pipeline/Pipeline.php(167): Illuminate\Cookie\Middleware\EncryptCookies->handle(Object(Illuminate\Http\Request), Object(Closure))
#33 /var/www/casinosweeps.online/vendor/laravel/framework/src/Illuminate/Pipeline/Pipeline.php(103): Illuminate\Pipeline\Pipeline->Illuminate\Pipeline\{closure}(Object(Illuminate\Http\Request))
#34 /var/www/casinosweeps.online/vendor/laravel/framework/src/Illuminate/Routing/Router.php(723): Illuminate\Pipeline\Pipeline->then(Object(Closure))
#35 /var/www/casinosweeps.online/vendor/laravel/framework/src/Illuminate/Routing/Router.php(698): Illuminate\Routing\Router->runRouteWithinStack(Object(Illuminate\Routing\Route), Object(Illuminate\Http\Request))
#36 /var/www/casinosweeps.online/vendor/laravel/framework/src/Illuminate/Routing/Router.php(662): Illuminate\Routing\Router->runRoute(Object(Illuminate\Http\Request), Object(Illuminate\Routing\Route))
#37 /var/www/casinosweeps.online/vendor/laravel/framework/src/Illuminate/Routing/Router.php(651): Illuminate\Routing\Router->dispatchToRoute(Object(Illuminate\Http\Request))
#38 /var/www/casinosweeps.online/vendor/laravel/framework/src/Illuminate/Foundation/Http/Kernel.php(167): Illuminate\Routing\Router->dispatch(Object(Illuminate\Http\Request))
#39 /var/www/casinosweeps.online/vendor/laravel/framework/src/Illuminate/Pipeline/Pipeline.php(128): Illuminate\Foundation\Http\Kernel->Illuminate\Foundation\Http\{closure}(Object(Illuminate\Http\Request))
#40 /var/www/casinosweeps.online/vendor/proengsoft/laravel-jsvalidation/src/RemoteValidationMiddleware.php(61): Illuminate\Pipeline\Pipeline->Illuminate\Pipeline\{closure}(Object(Illuminate\Http\Request))
#41 /var/www/casinosweeps.online/vendor/laravel/framework/src/Illuminate/Pipeline/Pipeline.php(167): Proengsoft\JsValidation\RemoteValidationMiddleware->handle(Object(Illuminate\Http\Request), Object(Closure))
#42 /var/www/casinosweeps.online/vendor/barryvdh/laravel-debugbar/src/Middleware/InjectDebugbar.php(60): Illuminate\Pipeline\Pipeline->Illuminate\Pipeline\{closure}(Object(Illuminate\Http\Request))
#43 /var/www/casinosweeps.online/vendor/laravel/framework/src/Illuminate/Pipeline/Pipeline.php(167): Barryvdh\Debugbar\Middleware\InjectDebugbar->handle(Object(Illuminate\Http\Request), Object(Closure))
#44 /var/www/casinosweeps.online/vendor/fideloper/proxy/src/TrustProxies.php(57): Illuminate\Pipeline\Pipeline->Illuminate\Pipeline\{closure}(Object(Illuminate\Http\Request))
#45 /var/www/casinosweeps.online/vendor/laravel/framework/src/Illuminate/Pipeline/Pipeline.php(167): Fideloper\Proxy\TrustProxies->handle(Object(Illuminate\Http\Request), Object(Closure))
#46 /var/www/casinosweeps.online/vendor/laravel/framework/src/Illuminate/Foundation/Http/Middleware/TransformsRequest.php(21): Illuminate\Pipeline\Pipeline->Illuminate\Pipeline\{closure}(Object(Illuminate\Http\Request))
#47 /var/www/casinosweeps.online/vendor/laravel/framework/src/Illuminate/Foundation/Http/Middleware/ConvertEmptyStringsToNull.php(31): Illuminate\Foundation\Http\Middleware\TransformsRequest->handle(Object(Illuminate\Http\Request), Object(Closure))
#48 /var/www/casinosweeps.online/vendor/laravel/framework/src/Illuminate/Pipeline/Pipeline.php(167): Illuminate\Foundation\Http\Middleware\ConvertEmptyStringsToNull->handle(Object(Illuminate\Http\Request), Object(Closure))
#49 /var/www/casinosweeps.online/vendor/laravel/framework/src/Illuminate/Foundation/Http/Middleware/TransformsRequest.php(21): Illuminate\Pipeline\Pipeline->Illuminate\Pipeline\{closure}(Object(Illuminate\Http\Request))
#50 /var/www/casinosweeps.online/vendor/laravel/framework/src/Illuminate/Foundation/Http/Middleware/TrimStrings.php(40): Illuminate\Foundation\Http\Middleware\TransformsRequest->handle(Object(Illuminate\Http\Request), Object(Closure))
#51 /var/www/casinosweeps.online/vendor/laravel/framework/src/Illuminate/Pipeline/Pipeline.php(167): Illuminate\Foundation\Http\Middleware\TrimStrings->handle(Object(Illuminate\Http\Request), Object(Closure))
#52 /var/www/casinosweeps.online/vendor/laravel/framework/src/Illuminate/Foundation/Http/Middleware/PreventRequestsDuringMaintenance.php(86): Illuminate\Pipeline\Pipeline->Illuminate\Pipeline\{closure}(Object(Illuminate\Http\Request))
#53 /var/www/casinosweeps.online/vendor/laravel/framework/src/Illuminate/Pipeline/Pipeline.php(167): Illuminate\Foundation\Http\Middleware\PreventRequestsDuringMaintenance->handle(Object(Illuminate\Http\Request), Object(Closure))
#54 /var/www/casinosweeps.online/app/Http/Middleware/VerifyInstallation.php(16): Illuminate\Pipeline\Pipeline->Illuminate\Pipeline\{closure}(Object(Illuminate\Http\Request))
#55 /var/www/casinosweeps.online/vendor/laravel/framework/src/Illuminate/Pipeline/Pipeline.php(167): VanguardLTE\Http\Middleware\VerifyInstallation->handle(Object(Illuminate\Http\Request), Object(Closure))
#56 /var/www/casinosweeps.online/vendor/laravel/framework/src/Illuminate/Pipeline/Pipeline.php(103): Illuminate\Pipeline\Pipeline->Illuminate\Pipeline\{closure}(Object(Illuminate\Http\Request))
#57 /var/www/casinosweeps.online/vendor/laravel/framework/src/Illuminate/Foundation/Http/Kernel.php(142): Illuminate\Pipeline\Pipeline->then(Object(Closure))
#58 /var/www/casinosweeps.online/vendor/laravel/framework/src/Illuminate/Foundation/Http/Kernel.php(111): Illuminate\Foundation\Http\Kernel->sendRequestThroughRouter(Object(Illuminate\Http\Request))
#59 /var/www/casinosweeps.online/public/index.php(53): Illuminate\Foundation\Http\Kernel->handle(Object(Illuminate\Http\Request))
#60 {main}","serverResponse":"InternalError","request":{"sessionId":"256477","XSRF-TOKEN":"eyJpdiI6Ii95UEowbmV0SmVvRzZLZ0VFR2IvOEE9PSIsInZhbHVlIjoiV04vcGV6aDRQMVBDK2ZnbDB6K0l3NmpkejZQaGM5bzdwZlRKMVY5NEJ0VmZvMnpCcERsQlh6WlpvdEVlelRwcWZKcFB4ZDBXelFkcnNWdnJ3dDdMMDlRS1pXMy9qRjNHSUpWQmxkeFZaTERQSXc0bTFFU3MwMnExZ2dWcmNOZGsiLCJtYWMiOiI2ZTliMTcxMmE5NzNlY2UxMDUyYzM1YjJiZDg4ODM2YzQ3YmNmNGNlYmViODI0ODNhZjQ2MmEyNDBlYTRhNjA4IiwidGFnIjoiIn0=","laravel_session":"eyJpdiI6InJDTFNKc1ZTTjNwWDU0ZVVsMVRubWc9PSIsInZhbHVlIjoiZkZ2NWRzdzcrdm9reGRFUG1Fdy80NUNxV0RMdXFpalc1VmRSYXNOTzcrSlA1UStrZ3RqRkZ2WGI3MUtGczFDK2tLWWFWekJIYnU3M1B0T3o0MEZVQ01FZ1A1Yko2bzVqOUhwOHJlbkpmeFZDTDhLSmc3clpGWW81aVhRL0NJc1QiLCJtYWMiOiJjZGQ3MWNhMGU2ZTYyYmNjNDYzOWExNDBmY2VjMGNhZDBiZjc5ZDFhYWVhZDFjMDQ3MTNhN2E5ZDNlMGE4M2Q1IiwidGFnIjoiIn0="},"requestRaw":{"dealerpairBet":0,"sideBets":[{"sideBet":0},{"sideBet":0},{"sideBet":0},{"sideBet":0},{"sideBet":0}],"windowId":"oF7X07","ID":49260,"umid":11,"gameName":"BlackjackSurrenderPT","cookie":"","bets":[100,100,100,100,100],"sessionId":"256477"}}
 ############################################### 

{"responseEvent":"error","responseType":"ErrorException: Undefined offset: 1 in /var/www/casinosweeps.online/app/Games/BlackjackSurrenderPT/SlotSettings.php:550
Stack trace:
#0 /var/www/casinosweeps.online/app/Games/BlackjackSurrenderPT/SlotSettings.php(550): Illuminate\Foundation\Bootstrap\HandleExceptions->handleError(8, 'Undefined offse...', '/var/www/casino...', 550, Array)
#1 /var/www/casinosweeps.online/app/Games/BlackjackSurrenderPT/Server.php(349): VanguardLTE\Games\BlackjackSurrenderPT\SlotSettings->UpdateJackpots(3)
#2 /var/www/casinosweeps.online/vendor/laravel/framework/src/Illuminate/Database/Concerns/ManagesTransactions.php(29): VanguardLTE\Games\BlackjackSurrenderPT\{closure}(Object(Illuminate\Database\MySqlConnection))
#3 /var/www/casinosweeps.online/vendor/laravel/framework/src/Illuminate/Database/DatabaseManager.php(442): Illuminate\Database\Connection->transaction(Object(Closure), 5)
#4 /var/www/casinosweeps.online/vendor/laravel/framework/src/Illuminate/Support/Facades/Facade.php(261): Illuminate\Database\DatabaseManager->__call('transaction', Array)
#5 /var/www/casinosweeps.online/app/Games/BlackjackSurrenderPT/Server.php(701): Illuminate\Support\Facades\Facade::__callStatic('transaction', Array)
#6 /var/www/casinosweeps.online/app/Games/BlackjackSurrenderPT/Server.php(703): VanguardLTE\Games\BlackjackSurrenderPT\get_(Object(Illuminate\Http\Request), 'BlackjackSurren...')
#7 /var/www/casinosweeps.online/app/Http/Controllers/Web/Frontend/GamesController.php(1055): VanguardLTE\Games\BlackjackSurrenderPT\Server->get(Object(Illuminate\Http\Request), 'BlackjackSurren...', 201)
#8 /var/www/casinosweeps.online/vendor/laravel/framework/src/Illuminate/Routing/Controller.php(54): VanguardLTE\Http\Controllers\Web\Frontend\GamesController->server(Object(Illuminate\Http\Request), 'BlackjackSurren...')
#9 /var/www/casinosweeps.online/vendor/laravel/framework/src/Illuminate/Routing/ControllerDispatcher.php(45): Illuminate\Routing\Controller->callAction('server', Array)
#10 /var/www/casinosweeps.online/vendor/laravel/framework/src/Illuminate/Routing/Route.php(262): Illuminate\Routing\ControllerDispatcher->dispatch(Object(Illuminate\Routing\Route), Object(VanguardLTE\Http\Controllers\Web\Frontend\GamesController), 'server')
#11 /var/www/casinosweeps.online/vendor/laravel/framework/src/Illuminate/Routing/Route.php(205): Illuminate\Routing\Route->runController()
#12 /var/www/casinosweeps.online/vendor/laravel/framework/src/Illuminate/Routing/Router.php(721): Illuminate\Routing\Route->run()
#13 /var/www/casinosweeps.online/vendor/laravel/framework/src/Illuminate/Pipeline/Pipeline.php(128): Illuminate\Routing\Router->Illuminate\Routing\{closure}(Object(Illuminate\Http\Request))
#14 /var/www/casinosweeps.online/app/Http/Middleware/Checker.php(33): Illuminate\Pipeline\Pipeline->Illuminate\Pipeline\{closure}(Object(Illuminate\Http\Request))
#15 /var/www/casinosweeps.online/vendor/laravel/framework/src/Illuminate/Pipeline/Pipeline.php(167): VanguardLTE\Http\Middleware\Checker->handle(Object(Illuminate\Http\Request), Object(Closure))
#16 /var/www/casinosweeps.online/app/Http/Middleware/SiteIsClosed.php(20): Illuminate\Pipeline\Pipeline->Illuminate\Pipeline\{closure}(Object(Illuminate\Http\Request))
#17 /var/www/casinosweeps.online/vendor/laravel/framework/src/Illuminate/Pipeline/Pipeline.php(167): VanguardLTE\Http\Middleware\SiteIsClosed->handle(Object(Illuminate\Http\Request), Object(Closure))
#18 /var/www/casinosweeps.online/app/Http/Middleware/SelectLanguage.php(22): Illuminate\Pipeline\Pipeline->Illuminate\Pipeline\{closure}(Object(Illuminate\Http\Request))
#19 /var/www/casinosweeps.online/vendor/laravel/framework/src/Illuminate/Pipeline/Pipeline.php(167): VanguardLTE\Http\Middleware\SelectLanguage->handle(Object(Illuminate\Http\Request), Object(Closure))
#20 /var/www/casinosweeps.online/vendor/laravel/framework/src/Illuminate/Routing/Middleware/SubstituteBindings.php(50): Illuminate\Pipeline\Pipeline->Illuminate\Pipeline\{closure}(Object(Illuminate\Http\Request))
#21 /var/www/casinosweeps.online/vendor/laravel/framework/src/Illuminate/Pipeline/Pipeline.php(167): Illuminate\Routing\Middleware\SubstituteBindings->handle(Object(Illuminate\Http\Request), Object(Closure))
#22 /var/www/casinosweeps.online/vendor/laravel/framework/src/Illuminate/Foundation/Http/Middleware/VerifyCsrfToken.php(78): Illuminate\Pipeline\Pipeline->Illuminate\Pipeline\{closure}(Object(Illuminate\Http\Request))
#23 /var/www/casinosweeps.online/vendor/laravel/framework/src/Illuminate/Pipeline/Pipeline.php(167): Illuminate\Foundation\Http\Middleware\VerifyCsrfToken->handle(Object(Illuminate\Http\Request), Object(Closure))
#24 /var/www/casinosweeps.online/vendor/laravel/framework/src/Illuminate/View/Middleware/ShareErrorsFromSession.php(49): Illuminate\Pipeline\Pipeline->Illuminate\Pipeline\{closure}(Object(Illuminate\Http\Request))
#25 /var/www/casinosweeps.online/vendor/laravel/framework/src/Illuminate/Pipeline/Pipeline.php(167): Illuminate\View\Middleware\ShareErrorsFromSession->handle(Object(Illuminate\Http\Request), Object(Closure))
#26 /var/www/casinosweeps.online/vendor/laravel/framework/src/Illuminate/Session/Middleware/StartSession.php(121): Illuminate\Pipeline\Pipeline->Illuminate\Pipeline\{closure}(Object(Illuminate\Http\Request))
#27 /var/www/casinosweeps.online/vendor/laravel/framework/src/Illuminate/Session/Middleware/StartSession.php(64): Illuminate\Session\Middleware\StartSession->handleStatefulRequest(Object(Illuminate\Http\Request), Object(Illuminate\Session\Store), Object(Closure))
#28 /var/www/casinosweeps.online/vendor/laravel/framework/src/Illuminate/Pipeline/Pipeline.php(167): Illuminate\Session\Middleware\StartSession->handle(Object(Illuminate\Http\Request), Object(Closure))
#29 /var/www/casinosweeps.online/vendor/laravel/framework/src/Illuminate/Cookie/Middleware/AddQueuedCookiesToResponse.php(37): Illuminate\Pipeline\Pipeline->Illuminate\Pipeline\{closure}(Object(Illuminate\Http\Request))
#30 /var/www/casinosweeps.online/vendor/laravel/framework/src/Illuminate/Pipeline/Pipeline.php(167): Illuminate\Cookie\Middleware\AddQueuedCookiesToResponse->handle(Object(Illuminate\Http\Request), Object(Closure))
#31 /var/www/casinosweeps.online/vendor/laravel/framework/src/Illuminate/Cookie/Middleware/EncryptCookies.php(67): Illuminate\Pipeline\Pipeline->Illuminate\Pipeline\{closure}(Object(Illuminate\Http\Request))
#32 /var/www/casinosweeps.online/vendor/laravel/framework/src/Illuminate/Pipeline/Pipeline.php(167): Illuminate\Cookie\Middleware\EncryptCookies->handle(Object(Illuminate\Http\Request), Object(Closure))
#33 /var/www/casinosweeps.online/vendor/laravel/framework/src/Illuminate/Pipeline/Pipeline.php(103): Illuminate\Pipeline\Pipeline->Illuminate\Pipeline\{closure}(Object(Illuminate\Http\Request))
#34 /var/www/casinosweeps.online/vendor/laravel/framework/src/Illuminate/Routing/Router.php(723): Illuminate\Pipeline\Pipeline->then(Object(Closure))
#35 /var/www/casinosweeps.online/vendor/laravel/framework/src/Illuminate/Routing/Router.php(698): Illuminate\Routing\Router->runRouteWithinStack(Object(Illuminate\Routing\Route), Object(Illuminate\Http\Request))
#36 /var/www/casinosweeps.online/vendor/laravel/framework/src/Illuminate/Routing/Router.php(662): Illuminate\Routing\Router->runRoute(Object(Illuminate\Http\Request), Object(Illuminate\Routing\Route))
#37 /var/www/casinosweeps.online/vendor/laravel/framework/src/Illuminate/Routing/Router.php(651): Illuminate\Routing\Router->dispatchToRoute(Object(Illuminate\Http\Request))
#38 /var/www/casinosweeps.online/vendor/laravel/framework/src/Illuminate/Foundation/Http/Kernel.php(167): Illuminate\Routing\Router->dispatch(Object(Illuminate\Http\Request))
#39 /var/www/casinosweeps.online/vendor/laravel/framework/src/Illuminate/Pipeline/Pipeline.php(128): Illuminate\Foundation\Http\Kernel->Illuminate\Foundation\Http\{closure}(Object(Illuminate\Http\Request))
#40 /var/www/casinosweeps.online/vendor/proengsoft/laravel-jsvalidation/src/RemoteValidationMiddleware.php(61): Illuminate\Pipeline\Pipeline->Illuminate\Pipeline\{closure}(Object(Illuminate\Http\Request))
#41 /var/www/casinosweeps.online/vendor/laravel/framework/src/Illuminate/Pipeline/Pipeline.php(167): Proengsoft\JsValidation\RemoteValidationMiddleware->handle(Object(Illuminate\Http\Request), Object(Closure))
#42 /var/www/casinosweeps.online/vendor/barryvdh/laravel-debugbar/src/Middleware/InjectDebugbar.php(60): Illuminate\Pipeline\Pipeline->Illuminate\Pipeline\{closure}(Object(Illuminate\Http\Request))
#43 /var/www/casinosweeps.online/vendor/laravel/framework/src/Illuminate/Pipeline/Pipeline.php(167): Barryvdh\Debugbar\Middleware\InjectDebugbar->handle(Object(Illuminate\Http\Request), Object(Closure))
#44 /var/www/casinosweeps.online/vendor/fideloper/proxy/src/TrustProxies.php(57): Illuminate\Pipeline\Pipeline->Illuminate\Pipeline\{closure}(Object(Illuminate\Http\Request))
#45 /var/www/casinosweeps.online/vendor/laravel/framework/src/Illuminate/Pipeline/Pipeline.php(167): Fideloper\Proxy\TrustProxies->handle(Object(Illuminate\Http\Request), Object(Closure))
#46 /var/www/casinosweeps.online/vendor/laravel/framework/src/Illuminate/Foundation/Http/Middleware/TransformsRequest.php(21): Illuminate\Pipeline\Pipeline->Illuminate\Pipeline\{closure}(Object(Illuminate\Http\Request))
#47 /var/www/casinosweeps.online/vendor/laravel/framework/src/Illuminate/Foundation/Http/Middleware/ConvertEmptyStringsToNull.php(31): Illuminate\Foundation\Http\Middleware\TransformsRequest->handle(Object(Illuminate\Http\Request), Object(Closure))
#48 /var/www/casinosweeps.online/vendor/laravel/framework/src/Illuminate/Pipeline/Pipeline.php(167): Illuminate\Foundation\Http\Middleware\ConvertEmptyStringsToNull->handle(Object(Illuminate\Http\Request), Object(Closure))
#49 /var/www/casinosweeps.online/vendor/laravel/framework/src/Illuminate/Foundation/Http/Middleware/TransformsRequest.php(21): Illuminate\Pipeline\Pipeline->Illuminate\Pipeline\{closure}(Object(Illuminate\Http\Request))
#50 /var/www/casinosweeps.online/vendor/laravel/framework/src/Illuminate/Foundation/Http/Middleware/TrimStrings.php(40): Illuminate\Foundation\Http\Middleware\TransformsRequest->handle(Object(Illuminate\Http\Request), Object(Closure))
#51 /var/www/casinosweeps.online/vendor/laravel/framework/src/Illuminate/Pipeline/Pipeline.php(167): Illuminate\Foundation\Http\Middleware\TrimStrings->handle(Object(Illuminate\Http\Request), Object(Closure))
#52 /var/www/casinosweeps.online/vendor/laravel/framework/src/Illuminate/Foundation/Http/Middleware/PreventRequestsDuringMaintenance.php(86): Illuminate\Pipeline\Pipeline->Illuminate\Pipeline\{closure}(Object(Illuminate\Http\Request))
#53 /var/www/casinosweeps.online/vendor/laravel/framework/src/Illuminate/Pipeline/Pipeline.php(167): Illuminate\Foundation\Http\Middleware\PreventRequestsDuringMaintenance->handle(Object(Illuminate\Http\Request), Object(Closure))
#54 /var/www/casinosweeps.online/app/Http/Middleware/VerifyInstallation.php(16): Illuminate\Pipeline\Pipeline->Illuminate\Pipeline\{closure}(Object(Illuminate\Http\Request))
#55 /var/www/casinosweeps.online/vendor/laravel/framework/src/Illuminate/Pipeline/Pipeline.php(167): VanguardLTE\Http\Middleware\VerifyInstallation->handle(Object(Illuminate\Http\Request), Object(Closure))
#56 /var/www/casinosweeps.online/vendor/laravel/framework/src/Illuminate/Pipeline/Pipeline.php(103): Illuminate\Pipeline\Pipeline->Illuminate\Pipeline\{closure}(Object(Illuminate\Http\Request))
#57 /var/www/casinosweeps.online/vendor/laravel/framework/src/Illuminate/Foundation/Http/Kernel.php(142): Illuminate\Pipeline\Pipeline->then(Object(Closure))
#58 /var/www/casinosweeps.online/vendor/laravel/framework/src/Illuminate/Foundation/Http/Kernel.php(111): Illuminate\Foundation\Http\Kernel->sendRequestThroughRouter(Object(Illuminate\Http\Request))
#59 /var/www/casinosweeps.online/public/index.php(53): Illuminate\Foundation\Http\Kernel->handle(Object(Illuminate\Http\Request))
#60 {main}","serverResponse":"InternalError","request":{"sessionId":"256477","XSRF-TOKEN":"eyJpdiI6Ijh4VElsTnkzc1FkUFY5b1Z6TlBXY0E9PSIsInZhbHVlIjoieTczYkJHcW81bE04TE5rQVZ5emliSW91V1NLRUxveFBIYjRlT1N5YzZ2ZnJNNmdwdGlQcTcrNmZ6d2NNay80NDB5bkxuVkpyT2EyRkJjR2ZPMjR6TmNvLzZnN3R2SkFvZC90elAwbU45VXZ0SU04T3E1WmxjcnRhbFF6YnI2bksiLCJtYWMiOiJjNGYxMmNhODcyZTkyOWRmZGY0N2M3MDNmNDQyYzQxMGJmNTI2ZjMxNTM1NDY1OTMxMWJhNmExOWE0MGViMGNmIiwidGFnIjoiIn0=","laravel_session":"eyJpdiI6Ing2VDg4QWh1Nmw1R3FsZUZPWmVQaFE9PSIsInZhbHVlIjoiR2hCaHhWUVRpLzArRVpFUVU0L3k3SjN1RFJYYTV3M3diMk4vWk96eVpPRkJNNVQySHlGa0t0akJxUnVGWm9XVjVoVW1zbmVoaUNXVHNkR0M4NmJKWFpsUlU5RlhZVGhHUmg4SUl4ODhjSmNDekNwWUhqWmpuWHAyYnNaRTQ5ZjgiLCJtYWMiOiIyNDU5YzgxOGI4Yzk2NTY2YWQyYTkwMGQzMjU1NDJiNmU4ZWVlMjE0NGIwYTNjYjNmMDMwZjg1ODZiMDJmMzJiIiwidGFnIjoiIn0="},"requestRaw":{"dealerpairBet":50,"sideBets":[{"sideBet":0},{"sideBet":0},{"sideBet":0},{"sideBet":0},{"sideBet":0}],"windowId":"WTRgHw","ID":49260,"umid":11,"gameName":"BlackjackSurrenderPT","cookie":"","bets":[50,50,50,50,50],"sessionId":"256477"}}
 ############################################### 

{"responseEvent":"error","responseType":"ErrorException: Undefined offset: 1 in /var/www/casinosweeps.online/app/Games/BlackjackSurrenderPT/SlotSettings.php:550
Stack trace:
#0 /var/www/casinosweeps.online/app/Games/BlackjackSurrenderPT/SlotSettings.php(550): Illuminate\Foundation\Bootstrap\HandleExceptions->handleError(8, 'Undefined offse...', '/var/www/casino...', 550, Array)
#1 /var/www/casinosweeps.online/app/Games/BlackjackSurrenderPT/Server.php(349): VanguardLTE\Games\BlackjackSurrenderPT\SlotSettings->UpdateJackpots(2.5)
#2 /var/www/casinosweeps.online/vendor/laravel/framework/src/Illuminate/Database/Concerns/ManagesTransactions.php(29): VanguardLTE\Games\BlackjackSurrenderPT\{closure}(Object(Illuminate\Database\MySqlConnection))
#3 /var/www/casinosweeps.online/vendor/laravel/framework/src/Illuminate/Database/DatabaseManager.php(442): Illuminate\Database\Connection->transaction(Object(Closure), 5)
#4 /var/www/casinosweeps.online/vendor/laravel/framework/src/Illuminate/Support/Facades/Facade.php(261): Illuminate\Database\DatabaseManager->__call('transaction', Array)
#5 /var/www/casinosweeps.online/app/Games/BlackjackSurrenderPT/Server.php(701): Illuminate\Support\Facades\Facade::__callStatic('transaction', Array)
#6 /var/www/casinosweeps.online/app/Games/BlackjackSurrenderPT/Server.php(703): VanguardLTE\Games\BlackjackSurrenderPT\get_(Object(Illuminate\Http\Request), 'BlackjackSurren...')
#7 /var/www/casinosweeps.online/app/Http/Controllers/Web/Frontend/GamesController.php(1055): VanguardLTE\Games\BlackjackSurrenderPT\Server->get(Object(Illuminate\Http\Request), 'BlackjackSurren...', 201)
#8 /var/www/casinosweeps.online/vendor/laravel/framework/src/Illuminate/Routing/Controller.php(54): VanguardLTE\Http\Controllers\Web\Frontend\GamesController->server(Object(Illuminate\Http\Request), 'BlackjackSurren...')
#9 /var/www/casinosweeps.online/vendor/laravel/framework/src/Illuminate/Routing/ControllerDispatcher.php(45): Illuminate\Routing\Controller->callAction('server', Array)
#10 /var/www/casinosweeps.online/vendor/laravel/framework/src/Illuminate/Routing/Route.php(262): Illuminate\Routing\ControllerDispatcher->dispatch(Object(Illuminate\Routing\Route), Object(VanguardLTE\Http\Controllers\Web\Frontend\GamesController), 'server')
#11 /var/www/casinosweeps.online/vendor/laravel/framework/src/Illuminate/Routing/Route.php(205): Illuminate\Routing\Route->runController()
#12 /var/www/casinosweeps.online/vendor/laravel/framework/src/Illuminate/Routing/Router.php(721): Illuminate\Routing\Route->run()
#13 /var/www/casinosweeps.online/vendor/laravel/framework/src/Illuminate/Pipeline/Pipeline.php(128): Illuminate\Routing\Router->Illuminate\Routing\{closure}(Object(Illuminate\Http\Request))
#14 /var/www/casinosweeps.online/app/Http/Middleware/Checker.php(33): Illuminate\Pipeline\Pipeline->Illuminate\Pipeline\{closure}(Object(Illuminate\Http\Request))
#15 /var/www/casinosweeps.online/vendor/laravel/framework/src/Illuminate/Pipeline/Pipeline.php(167): VanguardLTE\Http\Middleware\Checker->handle(Object(Illuminate\Http\Request), Object(Closure))
#16 /var/www/casinosweeps.online/app/Http/Middleware/SiteIsClosed.php(20): Illuminate\Pipeline\Pipeline->Illuminate\Pipeline\{closure}(Object(Illuminate\Http\Request))
#17 /var/www/casinosweeps.online/vendor/laravel/framework/src/Illuminate/Pipeline/Pipeline.php(167): VanguardLTE\Http\Middleware\SiteIsClosed->handle(Object(Illuminate\Http\Request), Object(Closure))
#18 /var/www/casinosweeps.online/app/Http/Middleware/SelectLanguage.php(22): Illuminate\Pipeline\Pipeline->Illuminate\Pipeline\{closure}(Object(Illuminate\Http\Request))
#19 /var/www/casinosweeps.online/vendor/laravel/framework/src/Illuminate/Pipeline/Pipeline.php(167): VanguardLTE\Http\Middleware\SelectLanguage->handle(Object(Illuminate\Http\Request), Object(Closure))
#20 /var/www/casinosweeps.online/vendor/laravel/framework/src/Illuminate/Routing/Middleware/SubstituteBindings.php(50): Illuminate\Pipeline\Pipeline->Illuminate\Pipeline\{closure}(Object(Illuminate\Http\Request))
#21 /var/www/casinosweeps.online/vendor/laravel/framework/src/Illuminate/Pipeline/Pipeline.php(167): Illuminate\Routing\Middleware\SubstituteBindings->handle(Object(Illuminate\Http\Request), Object(Closure))
#22 /var/www/casinosweeps.online/vendor/laravel/framework/src/Illuminate/Foundation/Http/Middleware/VerifyCsrfToken.php(78): Illuminate\Pipeline\Pipeline->Illuminate\Pipeline\{closure}(Object(Illuminate\Http\Request))
#23 /var/www/casinosweeps.online/vendor/laravel/framework/src/Illuminate/Pipeline/Pipeline.php(167): Illuminate\Foundation\Http\Middleware\VerifyCsrfToken->handle(Object(Illuminate\Http\Request), Object(Closure))
#24 /var/www/casinosweeps.online/vendor/laravel/framework/src/Illuminate/View/Middleware/ShareErrorsFromSession.php(49): Illuminate\Pipeline\Pipeline->Illuminate\Pipeline\{closure}(Object(Illuminate\Http\Request))
#25 /var/www/casinosweeps.online/vendor/laravel/framework/src/Illuminate/Pipeline/Pipeline.php(167): Illuminate\View\Middleware\ShareErrorsFromSession->handle(Object(Illuminate\Http\Request), Object(Closure))
#26 /var/www/casinosweeps.online/vendor/laravel/framework/src/Illuminate/Session/Middleware/StartSession.php(121): Illuminate\Pipeline\Pipeline->Illuminate\Pipeline\{closure}(Object(Illuminate\Http\Request))
#27 /var/www/casinosweeps.online/vendor/laravel/framework/src/Illuminate/Session/Middleware/StartSession.php(64): Illuminate\Session\Middleware\StartSession->handleStatefulRequest(Object(Illuminate\Http\Request), Object(Illuminate\Session\Store), Object(Closure))
#28 /var/www/casinosweeps.online/vendor/laravel/framework/src/Illuminate/Pipeline/Pipeline.php(167): Illuminate\Session\Middleware\StartSession->handle(Object(Illuminate\Http\Request), Object(Closure))
#29 /var/www/casinosweeps.online/vendor/laravel/framework/src/Illuminate/Cookie/Middleware/AddQueuedCookiesToResponse.php(37): Illuminate\Pipeline\Pipeline->Illuminate\Pipeline\{closure}(Object(Illuminate\Http\Request))
#30 /var/www/casinosweeps.online/vendor/laravel/framework/src/Illuminate/Pipeline/Pipeline.php(167): Illuminate\Cookie\Middleware\AddQueuedCookiesToResponse->handle(Object(Illuminate\Http\Request), Object(Closure))
#31 /var/www/casinosweeps.online/vendor/laravel/framework/src/Illuminate/Cookie/Middleware/EncryptCookies.php(67): Illuminate\Pipeline\Pipeline->Illuminate\Pipeline\{closure}(Object(Illuminate\Http\Request))
#32 /var/www/casinosweeps.online/vendor/laravel/framework/src/Illuminate/Pipeline/Pipeline.php(167): Illuminate\Cookie\Middleware\EncryptCookies->handle(Object(Illuminate\Http\Request), Object(Closure))
#33 /var/www/casinosweeps.online/vendor/laravel/framework/src/Illuminate/Pipeline/Pipeline.php(103): Illuminate\Pipeline\Pipeline->Illuminate\Pipeline\{closure}(Object(Illuminate\Http\Request))
#34 /var/www/casinosweeps.online/vendor/laravel/framework/src/Illuminate/Routing/Router.php(723): Illuminate\Pipeline\Pipeline->then(Object(Closure))
#35 /var/www/casinosweeps.online/vendor/laravel/framework/src/Illuminate/Routing/Router.php(698): Illuminate\Routing\Router->runRouteWithinStack(Object(Illuminate\Routing\Route), Object(Illuminate\Http\Request))
#36 /var/www/casinosweeps.online/vendor/laravel/framework/src/Illuminate/Routing/Router.php(662): Illuminate\Routing\Router->runRoute(Object(Illuminate\Http\Request), Object(Illuminate\Routing\Route))
#37 /var/www/casinosweeps.online/vendor/laravel/framework/src/Illuminate/Routing/Router.php(651): Illuminate\Routing\Router->dispatchToRoute(Object(Illuminate\Http\Request))
#38 /var/www/casinosweeps.online/vendor/laravel/framework/src/Illuminate/Foundation/Http/Kernel.php(167): Illuminate\Routing\Router->dispatch(Object(Illuminate\Http\Request))
#39 /var/www/casinosweeps.online/vendor/laravel/framework/src/Illuminate/Pipeline/Pipeline.php(128): Illuminate\Foundation\Http\Kernel->Illuminate\Foundation\Http\{closure}(Object(Illuminate\Http\Request))
#40 /var/www/casinosweeps.online/vendor/proengsoft/laravel-jsvalidation/src/RemoteValidationMiddleware.php(61): Illuminate\Pipeline\Pipeline->Illuminate\Pipeline\{closure}(Object(Illuminate\Http\Request))
#41 /var/www/casinosweeps.online/vendor/laravel/framework/src/Illuminate/Pipeline/Pipeline.php(167): Proengsoft\JsValidation\RemoteValidationMiddleware->handle(Object(Illuminate\Http\Request), Object(Closure))
#42 /var/www/casinosweeps.online/vendor/barryvdh/laravel-debugbar/src/Middleware/InjectDebugbar.php(60): Illuminate\Pipeline\Pipeline->Illuminate\Pipeline\{closure}(Object(Illuminate\Http\Request))
#43 /var/www/casinosweeps.online/vendor/laravel/framework/src/Illuminate/Pipeline/Pipeline.php(167): Barryvdh\Debugbar\Middleware\InjectDebugbar->handle(Object(Illuminate\Http\Request), Object(Closure))
#44 /var/www/casinosweeps.online/vendor/fideloper/proxy/src/TrustProxies.php(57): Illuminate\Pipeline\Pipeline->Illuminate\Pipeline\{closure}(Object(Illuminate\Http\Request))
#45 /var/www/casinosweeps.online/vendor/laravel/framework/src/Illuminate/Pipeline/Pipeline.php(167): Fideloper\Proxy\TrustProxies->handle(Object(Illuminate\Http\Request), Object(Closure))
#46 /var/www/casinosweeps.online/vendor/laravel/framework/src/Illuminate/Foundation/Http/Middleware/TransformsRequest.php(21): Illuminate\Pipeline\Pipeline->Illuminate\Pipeline\{closure}(Object(Illuminate\Http\Request))
#47 /var/www/casinosweeps.online/vendor/laravel/framework/src/Illuminate/Foundation/Http/Middleware/ConvertEmptyStringsToNull.php(31): Illuminate\Foundation\Http\Middleware\TransformsRequest->handle(Object(Illuminate\Http\Request), Object(Closure))
#48 /var/www/casinosweeps.online/vendor/laravel/framework/src/Illuminate/Pipeline/Pipeline.php(167): Illuminate\Foundation\Http\Middleware\ConvertEmptyStringsToNull->handle(Object(Illuminate\Http\Request), Object(Closure))
#49 /var/www/casinosweeps.online/vendor/laravel/framework/src/Illuminate/Foundation/Http/Middleware/TransformsRequest.php(21): Illuminate\Pipeline\Pipeline->Illuminate\Pipeline\{closure}(Object(Illuminate\Http\Request))
#50 /var/www/casinosweeps.online/vendor/laravel/framework/src/Illuminate/Foundation/Http/Middleware/TrimStrings.php(40): Illuminate\Foundation\Http\Middleware\TransformsRequest->handle(Object(Illuminate\Http\Request), Object(Closure))
#51 /var/www/casinosweeps.online/vendor/laravel/framework/src/Illuminate/Pipeline/Pipeline.php(167): Illuminate\Foundation\Http\Middleware\TrimStrings->handle(Object(Illuminate\Http\Request), Object(Closure))
#52 /var/www/casinosweeps.online/vendor/laravel/framework/src/Illuminate/Foundation/Http/Middleware/PreventRequestsDuringMaintenance.php(86): Illuminate\Pipeline\Pipeline->Illuminate\Pipeline\{closure}(Object(Illuminate\Http\Request))
#53 /var/www/casinosweeps.online/vendor/laravel/framework/src/Illuminate/Pipeline/Pipeline.php(167): Illuminate\Foundation\Http\Middleware\PreventRequestsDuringMaintenance->handle(Object(Illuminate\Http\Request), Object(Closure))
#54 /var/www/casinosweeps.online/app/Http/Middleware/VerifyInstallation.php(16): Illuminate\Pipeline\Pipeline->Illuminate\Pipeline\{closure}(Object(Illuminate\Http\Request))
#55 /var/www/casinosweeps.online/vendor/laravel/framework/src/Illuminate/Pipeline/Pipeline.php(167): VanguardLTE\Http\Middleware\VerifyInstallation->handle(Object(Illuminate\Http\Request), Object(Closure))
#56 /var/www/casinosweeps.online/vendor/laravel/framework/src/Illuminate/Pipeline/Pipeline.php(103): Illuminate\Pipeline\Pipeline->Illuminate\Pipeline\{closure}(Object(Illuminate\Http\Request))
#57 /var/www/casinosweeps.online/vendor/laravel/framework/src/Illuminate/Foundation/Http/Kernel.php(142): Illuminate\Pipeline\Pipeline->then(Object(Closure))
#58 /var/www/casinosweeps.online/vendor/laravel/framework/src/Illuminate/Foundation/Http/Kernel.php(111): Illuminate\Foundation\Http\Kernel->sendRequestThroughRouter(Object(Illuminate\Http\Request))
#59 /var/www/casinosweeps.online/public/index.php(53): Illuminate\Foundation\Http\Kernel->handle(Object(Illuminate\Http\Request))
#60 {main}","serverResponse":"InternalError","request":{"sessionId":"696810","XSRF-TOKEN":"eyJpdiI6Im4xQzJRMzVkTE1RdCtGVzhRdXg0OUE9PSIsInZhbHVlIjoia0tMSCtVdk9HS3lxSi8xR1JsZW8wdXlVcWlIMjRSSXg5NG5lZmY0TUpkVEJnTXJneWI3SERybkpnb0tmUUVGb3NaYnhUQ2tDSzRwZTFZeEhtVlQzN2ZzMTVUSjR5TUxQd05YWnNoV01RZjZ1VjZCS0NsTXFhTHIyQ0hONHcrZmciLCJtYWMiOiJhMTA3OWRjYWRhMDBiYzk4NDliZmQ4NjJkZjFjMTQyZWQ2ZGVhNzlmNmQ1YmQyMWJmZDViMjgyMDVmYWIzMzk4IiwidGFnIjoiIn0=","laravel_session":"eyJpdiI6IitkUDNMNlVnN2FndU4rQVNtQkNkMmc9PSIsInZhbHVlIjoiYmJJcGpWeDBZSU9TNkVaWFkyWmZUakNtTW9rWEptM2h0UW83N1VWa3dvK0VsYm03ZjAyRi8xcjVXQUR2SlQwWDAzT3hjV0M4TW02L2pEcm5CQVZJSmc3OTBWbHQrUEhsMkl5ODdMOEpnRks1YUlVZGRaUyswWERHa2sxMklMRHEiLCJtYWMiOiI0Y2E2MDQxY2U2NGZlY2M5YTQ4NTJiYTk2YjdjMDgyOTIzZDQ2YTQyNGU3Y2ZkOTk3ZWI5Yjk3OTdiYWNiZTBkIiwidGFnIjoiIn0="},"requestRaw":{"dealerpairBet":0,"sideBets":[{"sideBet":0},{"sideBet":0},{"sideBet":0},{"sideBet":0},{"sideBet":0}],"windowId":"bQuTRd","ID":49260,"umid":11,"gameName":"BlackjackSurrenderPT","cookie":"","bets":[50,50,50,50,50],"sessionId":"696810"}}
 ############################################### 

{"responseEvent":"error","responseType":"ErrorException: Undefined offset: 1 in /var/www/casinosweeps.online/app/Games/BlackjackSurrenderPT/SlotSettings.php:550
Stack trace:
#0 /var/www/casinosweeps.online/app/Games/BlackjackSurrenderPT/SlotSettings.php(550): Illuminate\Foundation\Bootstrap\HandleExceptions->handleError(8, 'Undefined offse...', '/var/www/casino...', 550, Array)
#1 /var/www/casinosweeps.online/app/Games/BlackjackSurrenderPT/Server.php(349): VanguardLTE\Games\BlackjackSurrenderPT\SlotSettings->UpdateJackpots(2.5)
#2 /var/www/casinosweeps.online/vendor/laravel/framework/src/Illuminate/Database/Concerns/ManagesTransactions.php(29): VanguardLTE\Games\BlackjackSurrenderPT\{closure}(Object(Illuminate\Database\MySqlConnection))
#3 /var/www/casinosweeps.online/vendor/laravel/framework/src/Illuminate/Database/DatabaseManager.php(442): Illuminate\Database\Connection->transaction(Object(Closure), 5)
#4 /var/www/casinosweeps.online/vendor/laravel/framework/src/Illuminate/Support/Facades/Facade.php(261): Illuminate\Database\DatabaseManager->__call('transaction', Array)
#5 /var/www/casinosweeps.online/app/Games/BlackjackSurrenderPT/Server.php(701): Illuminate\Support\Facades\Facade::__callStatic('transaction', Array)
#6 /var/www/casinosweeps.online/app/Games/BlackjackSurrenderPT/Server.php(703): VanguardLTE\Games\BlackjackSurrenderPT\get_(Object(Illuminate\Http\Request), 'BlackjackSurren...')
#7 /var/www/casinosweeps.online/app/Http/Controllers/Web/Frontend/GamesController.php(1055): VanguardLTE\Games\BlackjackSurrenderPT\Server->get(Object(Illuminate\Http\Request), 'BlackjackSurren...', 201)
#8 /var/www/casinosweeps.online/vendor/laravel/framework/src/Illuminate/Routing/Controller.php(54): VanguardLTE\Http\Controllers\Web\Frontend\GamesController->server(Object(Illuminate\Http\Request), 'BlackjackSurren...')
#9 /var/www/casinosweeps.online/vendor/laravel/framework/src/Illuminate/Routing/ControllerDispatcher.php(45): Illuminate\Routing\Controller->callAction('server', Array)
#10 /var/www/casinosweeps.online/vendor/laravel/framework/src/Illuminate/Routing/Route.php(262): Illuminate\Routing\ControllerDispatcher->dispatch(Object(Illuminate\Routing\Route), Object(VanguardLTE\Http\Controllers\Web\Frontend\GamesController), 'server')
#11 /var/www/casinosweeps.online/vendor/laravel/framework/src/Illuminate/Routing/Route.php(205): Illuminate\Routing\Route->runController()
#12 /var/www/casinosweeps.online/vendor/laravel/framework/src/Illuminate/Routing/Router.php(721): Illuminate\Routing\Route->run()
#13 /var/www/casinosweeps.online/vendor/laravel/framework/src/Illuminate/Pipeline/Pipeline.php(128): Illuminate\Routing\Router->Illuminate\Routing\{closure}(Object(Illuminate\Http\Request))
#14 /var/www/casinosweeps.online/app/Http/Middleware/Checker.php(33): Illuminate\Pipeline\Pipeline->Illuminate\Pipeline\{closure}(Object(Illuminate\Http\Request))
#15 /var/www/casinosweeps.online/vendor/laravel/framework/src/Illuminate/Pipeline/Pipeline.php(167): VanguardLTE\Http\Middleware\Checker->handle(Object(Illuminate\Http\Request), Object(Closure))
#16 /var/www/casinosweeps.online/app/Http/Middleware/SiteIsClosed.php(20): Illuminate\Pipeline\Pipeline->Illuminate\Pipeline\{closure}(Object(Illuminate\Http\Request))
#17 /var/www/casinosweeps.online/vendor/laravel/framework/src/Illuminate/Pipeline/Pipeline.php(167): VanguardLTE\Http\Middleware\SiteIsClosed->handle(Object(Illuminate\Http\Request), Object(Closure))
#18 /var/www/casinosweeps.online/app/Http/Middleware/SelectLanguage.php(22): Illuminate\Pipeline\Pipeline->Illuminate\Pipeline\{closure}(Object(Illuminate\Http\Request))
#19 /var/www/casinosweeps.online/vendor/laravel/framework/src/Illuminate/Pipeline/Pipeline.php(167): VanguardLTE\Http\Middleware\SelectLanguage->handle(Object(Illuminate\Http\Request), Object(Closure))
#20 /var/www/casinosweeps.online/vendor/laravel/framework/src/Illuminate/Routing/Middleware/SubstituteBindings.php(50): Illuminate\Pipeline\Pipeline->Illuminate\Pipeline\{closure}(Object(Illuminate\Http\Request))
#21 /var/www/casinosweeps.online/vendor/laravel/framework/src/Illuminate/Pipeline/Pipeline.php(167): Illuminate\Routing\Middleware\SubstituteBindings->handle(Object(Illuminate\Http\Request), Object(Closure))
#22 /var/www/casinosweeps.online/vendor/laravel/framework/src/Illuminate/Foundation/Http/Middleware/VerifyCsrfToken.php(78): Illuminate\Pipeline\Pipeline->Illuminate\Pipeline\{closure}(Object(Illuminate\Http\Request))
#23 /var/www/casinosweeps.online/vendor/laravel/framework/src/Illuminate/Pipeline/Pipeline.php(167): Illuminate\Foundation\Http\Middleware\VerifyCsrfToken->handle(Object(Illuminate\Http\Request), Object(Closure))
#24 /var/www/casinosweeps.online/vendor/laravel/framework/src/Illuminate/View/Middleware/ShareErrorsFromSession.php(49): Illuminate\Pipeline\Pipeline->Illuminate\Pipeline\{closure}(Object(Illuminate\Http\Request))
#25 /var/www/casinosweeps.online/vendor/laravel/framework/src/Illuminate/Pipeline/Pipeline.php(167): Illuminate\View\Middleware\ShareErrorsFromSession->handle(Object(Illuminate\Http\Request), Object(Closure))
#26 /var/www/casinosweeps.online/vendor/laravel/framework/src/Illuminate/Session/Middleware/StartSession.php(121): Illuminate\Pipeline\Pipeline->Illuminate\Pipeline\{closure}(Object(Illuminate\Http\Request))
#27 /var/www/casinosweeps.online/vendor/laravel/framework/src/Illuminate/Session/Middleware/StartSession.php(64): Illuminate\Session\Middleware\StartSession->handleStatefulRequest(Object(Illuminate\Http\Request), Object(Illuminate\Session\Store), Object(Closure))
#28 /var/www/casinosweeps.online/vendor/laravel/framework/src/Illuminate/Pipeline/Pipeline.php(167): Illuminate\Session\Middleware\StartSession->handle(Object(Illuminate\Http\Request), Object(Closure))
#29 /var/www/casinosweeps.online/vendor/laravel/framework/src/Illuminate/Cookie/Middleware/AddQueuedCookiesToResponse.php(37): Illuminate\Pipeline\Pipeline->Illuminate\Pipeline\{closure}(Object(Illuminate\Http\Request))
#30 /var/www/casinosweeps.online/vendor/laravel/framework/src/Illuminate/Pipeline/Pipeline.php(167): Illuminate\Cookie\Middleware\AddQueuedCookiesToResponse->handle(Object(Illuminate\Http\Request), Object(Closure))
#31 /var/www/casinosweeps.online/vendor/laravel/framework/src/Illuminate/Cookie/Middleware/EncryptCookies.php(67): Illuminate\Pipeline\Pipeline->Illuminate\Pipeline\{closure}(Object(Illuminate\Http\Request))
#32 /var/www/casinosweeps.online/vendor/laravel/framework/src/Illuminate/Pipeline/Pipeline.php(167): Illuminate\Cookie\Middleware\EncryptCookies->handle(Object(Illuminate\Http\Request), Object(Closure))
#33 /var/www/casinosweeps.online/vendor/laravel/framework/src/Illuminate/Pipeline/Pipeline.php(103): Illuminate\Pipeline\Pipeline->Illuminate\Pipeline\{closure}(Object(Illuminate\Http\Request))
#34 /var/www/casinosweeps.online/vendor/laravel/framework/src/Illuminate/Routing/Router.php(723): Illuminate\Pipeline\Pipeline->then(Object(Closure))
#35 /var/www/casinosweeps.online/vendor/laravel/framework/src/Illuminate/Routing/Router.php(698): Illuminate\Routing\Router->runRouteWithinStack(Object(Illuminate\Routing\Route), Object(Illuminate\Http\Request))
#36 /var/www/casinosweeps.online/vendor/laravel/framework/src/Illuminate/Routing/Router.php(662): Illuminate\Routing\Router->runRoute(Object(Illuminate\Http\Request), Object(Illuminate\Routing\Route))
#37 /var/www/casinosweeps.online/vendor/laravel/framework/src/Illuminate/Routing/Router.php(651): Illuminate\Routing\Router->dispatchToRoute(Object(Illuminate\Http\Request))
#38 /var/www/casinosweeps.online/vendor/laravel/framework/src/Illuminate/Foundation/Http/Kernel.php(167): Illuminate\Routing\Router->dispatch(Object(Illuminate\Http\Request))
#39 /var/www/casinosweeps.online/vendor/laravel/framework/src/Illuminate/Pipeline/Pipeline.php(128): Illuminate\Foundation\Http\Kernel->Illuminate\Foundation\Http\{closure}(Object(Illuminate\Http\Request))
#40 /var/www/casinosweeps.online/vendor/proengsoft/laravel-jsvalidation/src/RemoteValidationMiddleware.php(61): Illuminate\Pipeline\Pipeline->Illuminate\Pipeline\{closure}(Object(Illuminate\Http\Request))
#41 /var/www/casinosweeps.online/vendor/laravel/framework/src/Illuminate/Pipeline/Pipeline.php(167): Proengsoft\JsValidation\RemoteValidationMiddleware->handle(Object(Illuminate\Http\Request), Object(Closure))
#42 /var/www/casinosweeps.online/vendor/barryvdh/laravel-debugbar/src/Middleware/InjectDebugbar.php(60): Illuminate\Pipeline\Pipeline->Illuminate\Pipeline\{closure}(Object(Illuminate\Http\Request))
#43 /var/www/casinosweeps.online/vendor/laravel/framework/src/Illuminate/Pipeline/Pipeline.php(167): Barryvdh\Debugbar\Middleware\InjectDebugbar->handle(Object(Illuminate\Http\Request), Object(Closure))
#44 /var/www/casinosweeps.online/vendor/fideloper/proxy/src/TrustProxies.php(57): Illuminate\Pipeline\Pipeline->Illuminate\Pipeline\{closure}(Object(Illuminate\Http\Request))
#45 /var/www/casinosweeps.online/vendor/laravel/framework/src/Illuminate/Pipeline/Pipeline.php(167): Fideloper\Proxy\TrustProxies->handle(Object(Illuminate\Http\Request), Object(Closure))
#46 /var/www/casinosweeps.online/vendor/laravel/framework/src/Illuminate/Foundation/Http/Middleware/TransformsRequest.php(21): Illuminate\Pipeline\Pipeline->Illuminate\Pipeline\{closure}(Object(Illuminate\Http\Request))
#47 /var/www/casinosweeps.online/vendor/laravel/framework/src/Illuminate/Foundation/Http/Middleware/ConvertEmptyStringsToNull.php(31): Illuminate\Foundation\Http\Middleware\TransformsRequest->handle(Object(Illuminate\Http\Request), Object(Closure))
#48 /var/www/casinosweeps.online/vendor/laravel/framework/src/Illuminate/Pipeline/Pipeline.php(167): Illuminate\Foundation\Http\Middleware\ConvertEmptyStringsToNull->handle(Object(Illuminate\Http\Request), Object(Closure))
#49 /var/www/casinosweeps.online/vendor/laravel/framework/src/Illuminate/Foundation/Http/Middleware/TransformsRequest.php(21): Illuminate\Pipeline\Pipeline->Illuminate\Pipeline\{closure}(Object(Illuminate\Http\Request))
#50 /var/www/casinosweeps.online/vendor/laravel/framework/src/Illuminate/Foundation/Http/Middleware/TrimStrings.php(40): Illuminate\Foundation\Http\Middleware\TransformsRequest->handle(Object(Illuminate\Http\Request), Object(Closure))
#51 /var/www/casinosweeps.online/vendor/laravel/framework/src/Illuminate/Pipeline/Pipeline.php(167): Illuminate\Foundation\Http\Middleware\TrimStrings->handle(Object(Illuminate\Http\Request), Object(Closure))
#52 /var/www/casinosweeps.online/vendor/laravel/framework/src/Illuminate/Foundation/Http/Middleware/PreventRequestsDuringMaintenance.php(86): Illuminate\Pipeline\Pipeline->Illuminate\Pipeline\{closure}(Object(Illuminate\Http\Request))
#53 /var/www/casinosweeps.online/vendor/laravel/framework/src/Illuminate/Pipeline/Pipeline.php(167): Illuminate\Foundation\Http\Middleware\PreventRequestsDuringMaintenance->handle(Object(Illuminate\Http\Request), Object(Closure))
#54 /var/www/casinosweeps.online/app/Http/Middleware/VerifyInstallation.php(16): Illuminate\Pipeline\Pipeline->Illuminate\Pipeline\{closure}(Object(Illuminate\Http\Request))
#55 /var/www/casinosweeps.online/vendor/laravel/framework/src/Illuminate/Pipeline/Pipeline.php(167): VanguardLTE\Http\Middleware\VerifyInstallation->handle(Object(Illuminate\Http\Request), Object(Closure))
#56 /var/www/casinosweeps.online/vendor/laravel/framework/src/Illuminate/Pipeline/Pipeline.php(103): Illuminate\Pipeline\Pipeline->Illuminate\Pipeline\{closure}(Object(Illuminate\Http\Request))
#57 /var/www/casinosweeps.online/vendor/laravel/framework/src/Illuminate/Foundation/Http/Kernel.php(142): Illuminate\Pipeline\Pipeline->then(Object(Closure))
#58 /var/www/casinosweeps.online/vendor/laravel/framework/src/Illuminate/Foundation/Http/Kernel.php(111): Illuminate\Foundation\Http\Kernel->sendRequestThroughRouter(Object(Illuminate\Http\Request))
#59 /var/www/casinosweeps.online/public/index.php(53): Illuminate\Foundation\Http\Kernel->handle(Object(Illuminate\Http\Request))
#60 {main}","serverResponse":"InternalError","request":{"sessionId":"52536","XSRF-TOKEN":"eyJpdiI6IjJpNGNBYStxeXc5eEVDRkhGeTJSSXc9PSIsInZhbHVlIjoiclhyL0lXRTE1ekIxbFpoTGJHQ3lVMzl3ZGs5bWFTY3dha3UxeDVOT1RrYzgzaWlITTVMaFZ0TjFDUEQ0SDQ0djVLK1FmcmhzNEsvcmFpdFpqYXdOdUVsR1NjL0w5OUtVbnZIZDVJOTZJZzNrWkp2aFRMZU5iZ3UzSzVCazUzcTIiLCJtYWMiOiI5MDZlMjg4MzNjZWU5MzY2Y2FlZTVkNTE3NjA2MjI5NzBhNjQ4YWM1MWMzZjVmZmUxM2ZjY2NjMGYwN2NiMTk1IiwidGFnIjoiIn0=","laravel_session":"eyJpdiI6IlZUL2dzL0ZHNmhSQjJ5bkg0OHJ2M2c9PSIsInZhbHVlIjoiQlFkY2RrVytUTFhpdUVaTEFNRFMxVExWOHJabmcyOFRwSWoxN1BuaEROMU5obWxmOWw1bDdHNkdyK2hMOGRKZWQwK0dVWGkzeUFGMDdpdWozUXdDd1ZKc2oxWUNQbjFWQjdjQXRYUjhHbEM2elU2RFRNYUpUNVowdFdKdmY1T1oiLCJtYWMiOiJlYWRlZGE2MDc5OGE5NjA0NGFhYWQyMzQzM2U3M2YyNGQ1MzM4MWU3YWUwOThjNGQ3NjY4ODhlMjFlZTM1YzgwIiwidGFnIjoiIn0="},"requestRaw":{"dealerpairBet":0,"sideBets":[{"sideBet":0},{"sideBet":0},{"sideBet":0},{"sideBet":0},{"sideBet":0}],"windowId":"rHLuU1","ID":49260,"umid":11,"gameName":"BlackjackSurrenderPT","cookie":"","bets":[50,50,50,50,50],"sessionId":"52536"}}
 ############################################### 

{"responseEvent":"error","responseType":"ErrorException: Undefined offset: 1 in /var/www/casinosweeps.online/app/Games/BlackjackSurrenderPT/SlotSettings.php:550
Stack trace:
#0 /var/www/casinosweeps.online/app/Games/BlackjackSurrenderPT/SlotSettings.php(550): Illuminate\Foundation\Bootstrap\HandleExceptions->handleError(8, 'Undefined offse...', '/var/www/casino...', 550, Array)
#1 /var/www/casinosweeps.online/app/Games/BlackjackSurrenderPT/Server.php(349): VanguardLTE\Games\BlackjackSurrenderPT\SlotSettings->UpdateJackpots(5)
#2 /var/www/casinosweeps.online/vendor/laravel/framework/src/Illuminate/Database/Concerns/ManagesTransactions.php(29): VanguardLTE\Games\BlackjackSurrenderPT\{closure}(Object(Illuminate\Database\MySqlConnection))
#3 /var/www/casinosweeps.online/vendor/laravel/framework/src/Illuminate/Database/DatabaseManager.php(442): Illuminate\Database\Connection->transaction(Object(Closure), 5)
#4 /var/www/casinosweeps.online/vendor/laravel/framework/src/Illuminate/Support/Facades/Facade.php(261): Illuminate\Database\DatabaseManager->__call('transaction', Array)
#5 /var/www/casinosweeps.online/app/Games/BlackjackSurrenderPT/Server.php(701): Illuminate\Support\Facades\Facade::__callStatic('transaction', Array)
#6 /var/www/casinosweeps.online/app/Games/BlackjackSurrenderPT/Server.php(703): VanguardLTE\Games\BlackjackSurrenderPT\get_(Object(Illuminate\Http\Request), 'BlackjackSurren...')
#7 /var/www/casinosweeps.online/app/Http/Controllers/Web/Frontend/GamesController.php(1058): VanguardLTE\Games\BlackjackSurrenderPT\Server->get(Object(Illuminate\Http\Request), 'BlackjackSurren...', 203)
#8 /var/www/casinosweeps.online/vendor/laravel/framework/src/Illuminate/Routing/Controller.php(54): VanguardLTE\Http\Controllers\Web\Frontend\GamesController->server(Object(Illuminate\Http\Request), 'BlackjackSurren...')
#9 /var/www/casinosweeps.online/vendor/laravel/framework/src/Illuminate/Routing/ControllerDispatcher.php(45): Illuminate\Routing\Controller->callAction('server', Array)
#10 /var/www/casinosweeps.online/vendor/laravel/framework/src/Illuminate/Routing/Route.php(262): Illuminate\Routing\ControllerDispatcher->dispatch(Object(Illuminate\Routing\Route), Object(VanguardLTE\Http\Controllers\Web\Frontend\GamesController), 'server')
#11 /var/www/casinosweeps.online/vendor/laravel/framework/src/Illuminate/Routing/Route.php(205): Illuminate\Routing\Route->runController()
#12 /var/www/casinosweeps.online/vendor/laravel/framework/src/Illuminate/Routing/Router.php(721): Illuminate\Routing\Route->run()
#13 /var/www/casinosweeps.online/vendor/laravel/framework/src/Illuminate/Pipeline/Pipeline.php(128): Illuminate\Routing\Router->Illuminate\Routing\{closure}(Object(Illuminate\Http\Request))
#14 /var/www/casinosweeps.online/app/Http/Middleware/Checker.php(14): Illuminate\Pipeline\Pipeline->Illuminate\Pipeline\{closure}(Object(Illuminate\Http\Request))
#15 /var/www/casinosweeps.online/vendor/laravel/framework/src/Illuminate/Pipeline/Pipeline.php(167): VanguardLTE\Http\Middleware\Checker->handle(Object(Illuminate\Http\Request), Object(Closure))
#16 /var/www/casinosweeps.online/app/Http/Middleware/SiteIsClosed.php(14): Illuminate\Pipeline\Pipeline->Illuminate\Pipeline\{closure}(Object(Illuminate\Http\Request))
#17 /var/www/casinosweeps.online/vendor/laravel/framework/src/Illuminate/Pipeline/Pipeline.php(167): VanguardLTE\Http\Middleware\SiteIsClosed->handle(Object(Illuminate\Http\Request), Object(Closure))
#18 /var/www/casinosweeps.online/app/Http/Middleware/SelectLanguage.php(22): Illuminate\Pipeline\Pipeline->Illuminate\Pipeline\{closure}(Object(Illuminate\Http\Request))
#19 /var/www/casinosweeps.online/vendor/laravel/framework/src/Illuminate/Pipeline/Pipeline.php(167): VanguardLTE\Http\Middleware\SelectLanguage->handle(Object(Illuminate\Http\Request), Object(Closure))
#20 /var/www/casinosweeps.online/vendor/laravel/framework/src/Illuminate/Routing/Middleware/SubstituteBindings.php(50): Illuminate\Pipeline\Pipeline->Illuminate\Pipeline\{closure}(Object(Illuminate\Http\Request))
#21 /var/www/casinosweeps.online/vendor/laravel/framework/src/Illuminate/Pipeline/Pipeline.php(167): Illuminate\Routing\Middleware\SubstituteBindings->handle(Object(Illuminate\Http\Request), Object(Closure))
#22 /var/www/casinosweeps.online/vendor/laravel/framework/src/Illuminate/Foundation/Http/Middleware/VerifyCsrfToken.php(78): Illuminate\Pipeline\Pipeline->Illuminate\Pipeline\{closure}(Object(Illuminate\Http\Request))
#23 /var/www/casinosweeps.online/vendor/laravel/framework/src/Illuminate/Pipeline/Pipeline.php(167): Illuminate\Foundation\Http\Middleware\VerifyCsrfToken->handle(Object(Illuminate\Http\Request), Object(Closure))
#24 /var/www/casinosweeps.online/vendor/laravel/framework/src/Illuminate/View/Middleware/ShareErrorsFromSession.php(49): Illuminate\Pipeline\Pipeline->Illuminate\Pipeline\{closure}(Object(Illuminate\Http\Request))
#25 /var/www/casinosweeps.online/vendor/laravel/framework/src/Illuminate/Pipeline/Pipeline.php(167): Illuminate\View\Middleware\ShareErrorsFromSession->handle(Object(Illuminate\Http\Request), Object(Closure))
#26 /var/www/casinosweeps.online/vendor/laravel/framework/src/Illuminate/Session/Middleware/StartSession.php(121): Illuminate\Pipeline\Pipeline->Illuminate\Pipeline\{closure}(Object(Illuminate\Http\Request))
#27 /var/www/casinosweeps.online/vendor/laravel/framework/src/Illuminate/Session/Middleware/StartSession.php(64): Illuminate\Session\Middleware\StartSession->handleStatefulRequest(Object(Illuminate\Http\Request), Object(Illuminate\Session\Store), Object(Closure))
#28 /var/www/casinosweeps.online/vendor/laravel/framework/src/Illuminate/Pipeline/Pipeline.php(167): Illuminate\Session\Middleware\StartSession->handle(Object(Illuminate\Http\Request), Object(Closure))
#29 /var/www/casinosweeps.online/vendor/laravel/framework/src/Illuminate/Cookie/Middleware/AddQueuedCookiesToResponse.php(37): Illuminate\Pipeline\Pipeline->Illuminate\Pipeline\{closure}(Object(Illuminate\Http\Request))
#30 /var/www/casinosweeps.online/vendor/laravel/framework/src/Illuminate/Pipeline/Pipeline.php(167): Illuminate\Cookie\Middleware\AddQueuedCookiesToResponse->handle(Object(Illuminate\Http\Request), Object(Closure))
#31 /var/www/casinosweeps.online/vendor/laravel/framework/src/Illuminate/Cookie/Middleware/EncryptCookies.php(67): Illuminate\Pipeline\Pipeline->Illuminate\Pipeline\{closure}(Object(Illuminate\Http\Request))
#32 /var/www/casinosweeps.online/vendor/laravel/framework/src/Illuminate/Pipeline/Pipeline.php(167): Illuminate\Cookie\Middleware\EncryptCookies->handle(Object(Illuminate\Http\Request), Object(Closure))
#33 /var/www/casinosweeps.online/vendor/laravel/framework/src/Illuminate/Pipeline/Pipeline.php(103): Illuminate\Pipeline\Pipeline->Illuminate\Pipeline\{closure}(Object(Illuminate\Http\Request))
#34 /var/www/casinosweeps.online/vendor/laravel/framework/src/Illuminate/Routing/Router.php(723): Illuminate\Pipeline\Pipeline->then(Object(Closure))
#35 /var/www/casinosweeps.online/vendor/laravel/framework/src/Illuminate/Routing/Router.php(698): Illuminate\Routing\Router->runRouteWithinStack(Object(Illuminate\Routing\Route), Object(Illuminate\Http\Request))
#36 /var/www/casinosweeps.online/vendor/laravel/framework/src/Illuminate/Routing/Router.php(662): Illuminate\Routing\Router->runRoute(Object(Illuminate\Http\Request), Object(Illuminate\Routing\Route))
#37 /var/www/casinosweeps.online/vendor/laravel/framework/src/Illuminate/Routing/Router.php(651): Illuminate\Routing\Router->dispatchToRoute(Object(Illuminate\Http\Request))
#38 /var/www/casinosweeps.online/vendor/laravel/framework/src/Illuminate/Foundation/Http/Kernel.php(167): Illuminate\Routing\Router->dispatch(Object(Illuminate\Http\Request))
#39 /var/www/casinosweeps.online/vendor/laravel/framework/src/Illuminate/Pipeline/Pipeline.php(128): Illuminate\Foundation\Http\Kernel->Illuminate\Foundation\Http\{closure}(Object(Illuminate\Http\Request))
#40 /var/www/casinosweeps.online/vendor/proengsoft/laravel-jsvalidation/src/RemoteValidationMiddleware.php(61): Illuminate\Pipeline\Pipeline->Illuminate\Pipeline\{closure}(Object(Illuminate\Http\Request))
#41 /var/www/casinosweeps.online/vendor/laravel/framework/src/Illuminate/Pipeline/Pipeline.php(167): Proengsoft\JsValidation\RemoteValidationMiddleware->handle(Object(Illuminate\Http\Request), Object(Closure))
#42 /var/www/casinosweeps.online/vendor/barryvdh/laravel-debugbar/src/Middleware/InjectDebugbar.php(60): Illuminate\Pipeline\Pipeline->Illuminate\Pipeline\{closure}(Object(Illuminate\Http\Request))
#43 /var/www/casinosweeps.online/vendor/laravel/framework/src/Illuminate/Pipeline/Pipeline.php(167): Barryvdh\Debugbar\Middleware\InjectDebugbar->handle(Object(Illuminate\Http\Request), Object(Closure))
#44 /var/www/casinosweeps.online/vendor/fideloper/proxy/src/TrustProxies.php(57): Illuminate\Pipeline\Pipeline->Illuminate\Pipeline\{closure}(Object(Illuminate\Http\Request))
#45 /var/www/casinosweeps.online/vendor/laravel/framework/src/Illuminate/Pipeline/Pipeline.php(167): Fideloper\Proxy\TrustProxies->handle(Object(Illuminate\Http\Request), Object(Closure))
#46 /var/www/casinosweeps.online/vendor/laravel/framework/src/Illuminate/Foundation/Http/Middleware/TransformsRequest.php(21): Illuminate\Pipeline\Pipeline->Illuminate\Pipeline\{closure}(Object(Illuminate\Http\Request))
#47 /var/www/casinosweeps.online/vendor/laravel/framework/src/Illuminate/Foundation/Http/Middleware/ConvertEmptyStringsToNull.php(31): Illuminate\Foundation\Http\Middleware\TransformsRequest->handle(Object(Illuminate\Http\Request), Object(Closure))
#48 /var/www/casinosweeps.online/vendor/laravel/framework/src/Illuminate/Pipeline/Pipeline.php(167): Illuminate\Foundation\Http\Middleware\ConvertEmptyStringsToNull->handle(Object(Illuminate\Http\Request), Object(Closure))
#49 /var/www/casinosweeps.online/vendor/laravel/framework/src/Illuminate/Foundation/Http/Middleware/TransformsRequest.php(21): Illuminate\Pipeline\Pipeline->Illuminate\Pipeline\{closure}(Object(Illuminate\Http\Request))
#50 /var/www/casinosweeps.online/vendor/laravel/framework/src/Illuminate/Foundation/Http/Middleware/TrimStrings.php(40): Illuminate\Foundation\Http\Middleware\TransformsRequest->handle(Object(Illuminate\Http\Request), Object(Closure))
#51 /var/www/casinosweeps.online/vendor/laravel/framework/src/Illuminate/Pipeline/Pipeline.php(167): Illuminate\Foundation\Http\Middleware\TrimStrings->handle(Object(Illuminate\Http\Request), Object(Closure))
#52 /var/www/casinosweeps.online/vendor/laravel/framework/src/Illuminate/Foundation/Http/Middleware/PreventRequestsDuringMaintenance.php(86): Illuminate\Pipeline\Pipeline->Illuminate\Pipeline\{closure}(Object(Illuminate\Http\Request))
#53 /var/www/casinosweeps.online/vendor/laravel/framework/src/Illuminate/Pipeline/Pipeline.php(167): Illuminate\Foundation\Http\Middleware\PreventRequestsDuringMaintenance->handle(Object(Illuminate\Http\Request), Object(Closure))
#54 /var/www/casinosweeps.online/app/Http/Middleware/VerifyInstallation.php(16): Illuminate\Pipeline\Pipeline->Illuminate\Pipeline\{closure}(Object(Illuminate\Http\Request))
#55 /var/www/casinosweeps.online/vendor/laravel/framework/src/Illuminate/Pipeline/Pipeline.php(167): VanguardLTE\Http\Middleware\VerifyInstallation->handle(Object(Illuminate\Http\Request), Object(Closure))
#56 /var/www/casinosweeps.online/vendor/laravel/framework/src/Illuminate/Pipeline/Pipeline.php(103): Illuminate\Pipeline\Pipeline->Illuminate\Pipeline\{closure}(Object(Illuminate\Http\Request))
#57 /var/www/casinosweeps.online/vendor/laravel/framework/src/Illuminate/Foundation/Http/Kernel.php(142): Illuminate\Pipeline\Pipeline->then(Object(Closure))
#58 /var/www/casinosweeps.online/vendor/laravel/framework/src/Illuminate/Foundation/Http/Kernel.php(111): Illuminate\Foundation\Http\Kernel->sendRequestThroughRouter(Object(Illuminate\Http\Request))
#59 /var/www/casinosweeps.online/public/index.php(53): Illuminate\Foundation\Http\Kernel->handle(Object(Illuminate\Http\Request))
#60 {main}","serverResponse":"InternalError","request":{"sessionId":"690553"},"requestRaw":{"dealerpairBet":0,"sideBets":[{"sideBet":0},{"sideBet":0},{"sideBet":0},{"sideBet":0},{"sideBet":0}],"windowId":"NPVODz","ID":49260,"umid":11,"gameName":"BlackjackSurrenderPT","cookie":"","bets":[100,100,100,100,100],"sessionId":"690553"}}
 ############################################### 
