
{"responseEvent":"error","responseType":"ErrorException: file_get_contents(/var/www/casinosweeps.online/app/Games/LeprechaunGoesWildPG/presets_7/p_500/preset_20.json): failed to open stream: No such file or directory in /var/www/casinosweeps.online/app/Games/LeprechaunGoesWildPG/Server.php:326
Stack trace:
#0 [internal function]: Illuminate\Foundation\Bootstrap\HandleExceptions->handleError(2, 'file_get_conten...', '/var/www/casino...', 326, Array)
#1 /var/www/casinosweeps.online/app/Games/LeprechaunGoesWildPG/Server.php(326): file_get_contents('/var/www/casino...')
#2 /var/www/casinosweeps.online/vendor/laravel/framework/src/Illuminate/Database/Concerns/ManagesTransactions.php(29): VanguardLTE\Games\LeprechaunGoesWildPG\{closure}(Object(Illuminate\Database\MySqlConnection))
#3 /var/www/casinosweeps.online/vendor/laravel/framework/src/Illuminate/Database/DatabaseManager.php(442): Illuminate\Database\Connection->transaction(Object(Closure), 5)
#4 /var/www/casinosweeps.online/vendor/laravel/framework/src/Illuminate/Support/Facades/Facade.php(261): Illuminate\Database\DatabaseManager->__call('transaction', Array)
#5 /var/www/casinosweeps.online/app/Games/LeprechaunGoesWildPG/Server.php(770): Illuminate\Support\Facades\Facade::__callStatic('transaction', Array)
#6 /var/www/casinosweeps.online/app/Games/LeprechaunGoesWildPG/Server.php(772): VanguardLTE\Games\LeprechaunGoesWildPG\get_(Object(Illuminate\Http\Request), 'LeprechaunGoesW...')
#7 /var/www/casinosweeps.online/app/Http/Controllers/Web/Frontend/GamesController.php(1058): VanguardLTE\Games\LeprechaunGoesWildPG\Server->get(Object(Illuminate\Http\Request), 'LeprechaunGoesW...', 327)
#8 /var/www/casinosweeps.online/vendor/laravel/framework/src/Illuminate/Routing/Controller.php(54): VanguardLTE\Http\Controllers\Web\Frontend\GamesController->server(Object(Illuminate\Http\Request), 'LeprechaunGoesW...')
#9 /var/www/casinosweeps.online/vendor/laravel/framework/src/Illuminate/Routing/ControllerDispatcher.php(45): Illuminate\Routing\Controller->callAction('server', Array)
#10 /var/www/casinosweeps.online/vendor/laravel/framework/src/Illuminate/Routing/Route.php(262): Illuminate\Routing\ControllerDispatcher->dispatch(Object(Illuminate\Routing\Route), Object(VanguardLTE\Http\Controllers\Web\Frontend\GamesController), 'server')
#11 /var/www/casinosweeps.online/vendor/laravel/framework/src/Illuminate/Routing/Route.php(205): Illuminate\Routing\Route->runController()
#12 /var/www/casinosweeps.online/vendor/laravel/framework/src/Illuminate/Routing/Router.php(721): Illuminate\Routing\Route->run()
#13 /var/www/casinosweeps.online/vendor/laravel/framework/src/Illuminate/Pipeline/Pipeline.php(128): Illuminate\Routing\Router->Illuminate\Routing\{closure}(Object(Illuminate\Http\Request))
#14 /var/www/casinosweeps.online/app/Http/Middleware/Checker.php(28): Illuminate\Pipeline\Pipeline->Illuminate\Pipeline\{closure}(Object(Illuminate\Http\Request))
#15 /var/www/casinosweeps.online/vendor/laravel/framework/src/Illuminate/Pipeline/Pipeline.php(167): VanguardLTE\Http\Middleware\Checker->handle(Object(Illuminate\Http\Request), Object(Closure))
#16 /var/www/casinosweeps.online/app/Http/Middleware/SiteIsClosed.php(20): Illuminate\Pipeline\Pipeline->Illuminate\Pipeline\{closure}(Object(Illuminate\Http\Request))
#17 /var/www/casinosweeps.online/vendor/laravel/framework/src/Illuminate/Pipeline/Pipeline.php(167): VanguardLTE\Http\Middleware\SiteIsClosed->handle(Object(Illuminate\Http\Request), Object(Closure))
#18 /var/www/casinosweeps.online/app/Http/Middleware/SelectLanguage.php(22): Illuminate\Pipeline\Pipeline->Illuminate\Pipeline\{closure}(Object(Illuminate\Http\Request))
#19 /var/www/casinosweeps.online/vendor/laravel/framework/src/Illuminate/Pipeline/Pipeline.php(167): VanguardLTE\Http\Middleware\SelectLanguage->handle(Object(Illuminate\Http\Request), Object(Closure))
#20 /var/www/casinosweeps.online/vendor/laravel/framework/src/Illuminate/Routing/Middleware/SubstituteBindings.php(50): Illuminate\Pipeline\Pipeline->Illuminate\Pipeline\{closure}(Object(Illuminate\Http\Request))
#21 /var/www/casinosweeps.online/vendor/laravel/framework/src/Illuminate/Pipeline/Pipeline.php(167): Illuminate\Routing\Middleware\SubstituteBindings->handle(Object(Illuminate\Http\Request), Object(Closure))
#22 /var/www/casinosweeps.online/vendor/laravel/framework/src/Illuminate/Foundation/Http/Middleware/VerifyCsrfToken.php(78): Illuminate\Pipeline\Pipeline->Illuminate\Pipeline\{closure}(Object(Illuminate\Http\Request))
#23 /var/www/casinosweeps.online/vendor/laravel/framework/src/Illuminate/Pipeline/Pipeline.php(167): Illuminate\Foundation\Http\Middleware\VerifyCsrfToken->handle(Object(Illuminate\Http\Request), Object(Closure))
#24 /var/www/casinosweeps.online/vendor/laravel/framework/src/Illuminate/View/Middleware/ShareErrorsFromSession.php(49): Illuminate\Pipeline\Pipeline->Illuminate\Pipeline\{closure}(Object(Illuminate\Http\Request))
#25 /var/www/casinosweeps.online/vendor/laravel/framework/src/Illuminate/Pipeline/Pipeline.php(167): Illuminate\View\Middleware\ShareErrorsFromSession->handle(Object(Illuminate\Http\Request), Object(Closure))
#26 /var/www/casinosweeps.online/vendor/laravel/framework/src/Illuminate/Session/Middleware/StartSession.php(121): Illuminate\Pipeline\Pipeline->Illuminate\Pipeline\{closure}(Object(Illuminate\Http\Request))
#27 /var/www/casinosweeps.online/vendor/laravel/framework/src/Illuminate/Session/Middleware/StartSession.php(64): Illuminate\Session\Middleware\StartSession->handleStatefulRequest(Object(Illuminate\Http\Request), Object(Illuminate\Session\Store), Object(Closure))
#28 /var/www/casinosweeps.online/vendor/laravel/framework/src/Illuminate/Pipeline/Pipeline.php(167): Illuminate\Session\Middleware\StartSession->handle(Object(Illuminate\Http\Request), Object(Closure))
#29 /var/www/casinosweeps.online/vendor/laravel/framework/src/Illuminate/Cookie/Middleware/AddQueuedCookiesToResponse.php(37): Illuminate\Pipeline\Pipeline->Illuminate\Pipeline\{closure}(Object(Illuminate\Http\Request))
#30 /var/www/casinosweeps.online/vendor/laravel/framework/src/Illuminate/Pipeline/Pipeline.php(167): Illuminate\Cookie\Middleware\AddQueuedCookiesToResponse->handle(Object(Illuminate\Http\Request), Object(Closure))
#31 /var/www/casinosweeps.online/vendor/laravel/framework/src/Illuminate/Cookie/Middleware/EncryptCookies.php(67): Illuminate\Pipeline\Pipeline->Illuminate\Pipeline\{closure}(Object(Illuminate\Http\Request))
#32 /var/www/casinosweeps.online/vendor/laravel/framework/src/Illuminate/Pipeline/Pipeline.php(167): Illuminate\Cookie\Middleware\EncryptCookies->handle(Object(Illuminate\Http\Request), Object(Closure))
#33 /var/www/casinosweeps.online/vendor/laravel/framework/src/Illuminate/Pipeline/Pipeline.php(103): Illuminate\Pipeline\Pipeline->Illuminate\Pipeline\{closure}(Object(Illuminate\Http\Request))
#34 /var/www/casinosweeps.online/vendor/laravel/framework/src/Illuminate/Routing/Router.php(723): Illuminate\Pipeline\Pipeline->then(Object(Closure))
#35 /var/www/casinosweeps.online/vendor/laravel/framework/src/Illuminate/Routing/Router.php(698): Illuminate\Routing\Router->runRouteWithinStack(Object(Illuminate\Routing\Route), Object(Illuminate\Http\Request))
#36 /var/www/casinosweeps.online/vendor/laravel/framework/src/Illuminate/Routing/Router.php(662): Illuminate\Routing\Router->runRoute(Object(Illuminate\Http\Request), Object(Illuminate\Routing\Route))
#37 /var/www/casinosweeps.online/vendor/laravel/framework/src/Illuminate/Routing/Router.php(651): Illuminate\Routing\Router->dispatchToRoute(Object(Illuminate\Http\Request))
#38 /var/www/casinosweeps.online/vendor/laravel/framework/src/Illuminate/Foundation/Http/Kernel.php(167): Illuminate\Routing\Router->dispatch(Object(Illuminate\Http\Request))
#39 /var/www/casinosweeps.online/vendor/laravel/framework/src/Illuminate/Pipeline/Pipeline.php(128): Illuminate\Foundation\Http\Kernel->Illuminate\Foundation\Http\{closure}(Object(Illuminate\Http\Request))
#40 /var/www/casinosweeps.online/vendor/proengsoft/laravel-jsvalidation/src/RemoteValidationMiddleware.php(61): Illuminate\Pipeline\Pipeline->Illuminate\Pipeline\{closure}(Object(Illuminate\Http\Request))
#41 /var/www/casinosweeps.online/vendor/laravel/framework/src/Illuminate/Pipeline/Pipeline.php(167): Proengsoft\JsValidation\RemoteValidationMiddleware->handle(Object(Illuminate\Http\Request), Object(Closure))
#42 /var/www/casinosweeps.online/vendor/barryvdh/laravel-debugbar/src/Middleware/InjectDebugbar.php(60): Illuminate\Pipeline\Pipeline->Illuminate\Pipeline\{closure}(Object(Illuminate\Http\Request))
#43 /var/www/casinosweeps.online/vendor/laravel/framework/src/Illuminate/Pipeline/Pipeline.php(167): Barryvdh\Debugbar\Middleware\InjectDebugbar->handle(Object(Illuminate\Http\Request), Object(Closure))
#44 /var/www/casinosweeps.online/vendor/fideloper/proxy/src/TrustProxies.php(57): Illuminate\Pipeline\Pipeline->Illuminate\Pipeline\{closure}(Object(Illuminate\Http\Request))
#45 /var/www/casinosweeps.online/vendor/laravel/framework/src/Illuminate/Pipeline/Pipeline.php(167): Fideloper\Proxy\TrustProxies->handle(Object(Illuminate\Http\Request), Object(Closure))
#46 /var/www/casinosweeps.online/vendor/laravel/framework/src/Illuminate/Foundation/Http/Middleware/TransformsRequest.php(21): Illuminate\Pipeline\Pipeline->Illuminate\Pipeline\{closure}(Object(Illuminate\Http\Request))
#47 /var/www/casinosweeps.online/vendor/laravel/framework/src/Illuminate/Foundation/Http/Middleware/ConvertEmptyStringsToNull.php(31): Illuminate\Foundation\Http\Middleware\TransformsRequest->handle(Object(Illuminate\Http\Request), Object(Closure))
#48 /var/www/casinosweeps.online/vendor/laravel/framework/src/Illuminate/Pipeline/Pipeline.php(167): Illuminate\Foundation\Http\Middleware\ConvertEmptyStringsToNull->handle(Object(Illuminate\Http\Request), Object(Closure))
#49 /var/www/casinosweeps.online/vendor/laravel/framework/src/Illuminate/Foundation/Http/Middleware/TransformsRequest.php(21): Illuminate\Pipeline\Pipeline->Illuminate\Pipeline\{closure}(Object(Illuminate\Http\Request))
#50 /var/www/casinosweeps.online/vendor/laravel/framework/src/Illuminate/Foundation/Http/Middleware/TrimStrings.php(40): Illuminate\Foundation\Http\Middleware\TransformsRequest->handle(Object(Illuminate\Http\Request), Object(Closure))
#51 /var/www/casinosweeps.online/vendor/laravel/framework/src/Illuminate/Pipeline/Pipeline.php(167): Illuminate\Foundation\Http\Middleware\TrimStrings->handle(Object(Illuminate\Http\Request), Object(Closure))
#52 /var/www/casinosweeps.online/vendor/laravel/framework/src/Illuminate/Foundation/Http/Middleware/PreventRequestsDuringMaintenance.php(86): Illuminate\Pipeline\Pipeline->Illuminate\Pipeline\{closure}(Object(Illuminate\Http\Request))
#53 /var/www/casinosweeps.online/vendor/laravel/framework/src/Illuminate/Pipeline/Pipeline.php(167): Illuminate\Foundation\Http\Middleware\PreventRequestsDuringMaintenance->handle(Object(Illuminate\Http\Request), Object(Closure))
#54 /var/www/casinosweeps.online/app/Http/Middleware/VerifyInstallation.php(16): Illuminate\Pipeline\Pipeline->Illuminate\Pipeline\{closure}(Object(Illuminate\Http\Request))
#55 /var/www/casinosweeps.online/vendor/laravel/framework/src/Illuminate/Pipeline/Pipeline.php(167): VanguardLTE\Http\Middleware\VerifyInstallation->handle(Object(Illuminate\Http\Request), Object(Closure))
#56 /var/www/casinosweeps.online/vendor/laravel/framework/src/Illuminate/Pipeline/Pipeline.php(103): Illuminate\Pipeline\Pipeline->Illuminate\Pipeline\{closure}(Object(Illuminate\Http\Request))
#57 /var/www/casinosweeps.online/vendor/laravel/framework/src/Illuminate/Foundation/Http/Kernel.php(142): Illuminate\Pipeline\Pipeline->then(Object(Closure))
#58 /var/www/casinosweeps.online/vendor/laravel/framework/src/Illuminate/Foundation/Http/Kernel.php(111): Illuminate\Foundation\Http\Kernel->sendRequestThroughRouter(Object(Illuminate\Http\Request))
#59 /var/www/casinosweeps.online/public/index.php(53): Illuminate\Foundation\Http\Kernel->handle(Object(Illuminate\Http\Request))
#60 {main}","serverResponse":"InternalError","request":{"sessionId":"400075"},"requestRaw":d=103
WWgb5PqdGvk!9108
4 0
1 1 20 5 1
}
 ############################################### 
